{
  "stats": {
    "suites": 1,
    "tests": 30,
    "passes": 30,
    "pending": 0,
    "failures": 0,
    "start": "2025-06-12T23:29:40.726Z",
    "end": "2025-06-12T23:30:35.060Z",
    "duration": 54334,
    "testsRegistered": 30,
    "passPercent": 100,
    "pendingPercent": 0,
    "other": 0,
    "hasOther": false,
    "skipped": 0,
    "hasSkipped": false
  },
  "results": [
    {
      "uuid": "b603ed10-937f-4be0-92a8-8da14555df3f",
      "title": "",
      "fullFile": "cypress\\e2e\\TheInternetPractice\\TheInternetSteps.cy.js",
      "file": "cypress\\e2e\\TheInternetPractice\\TheInternetSteps.cy.js",
      "beforeHooks": [],
      "afterHooks": [],
      "tests": [],
      "suites": [
        {
          "uuid": "baf723d3-c5ac-48ce-81f0-72e4198978f3",
          "title": "Practicando Cypress con la pagina de The internet Herokuapp",
          "fullFile": "",
          "file": "",
          "beforeHooks": [],
          "afterHooks": [],
          "tests": [
            {
              "title": "Validacion de un texto",
              "fullTitle": "Practicando Cypress con la pagina de The internet Herokuapp Validacion de un texto",
              "timedOut": null,
              "duration": 1700,
              "state": "passed",
              "speed": "fast",
              "pass": true,
              "fail": false,
              "pending": false,
              "context": null,
              "code": "heroKuappText.navigateToPage();\nheroKuappText.textToValidate().should('have.text', \"\\n    Also known as split testing. This is a way in which businesses are able to simultaneously test and learn different versions of a page to see which text and/or functionality works best towards a desired outcome (e.g. a user action such as a click-through).\");",
              "err": {},
              "uuid": "7f8d20da-949b-459e-9fb8-0e856c9123a6",
              "parentUUID": "baf723d3-c5ac-48ce-81f0-72e4198978f3",
              "isHook": false,
              "skipped": false
            },
            {
              "title": "Validacion de agregar y eliminar un elemento",
              "fullTitle": "Practicando Cypress con la pagina de The internet Herokuapp Validacion de agregar y eliminar un elemento",
              "timedOut": null,
              "duration": 649,
              "state": "passed",
              "speed": "fast",
              "pass": true,
              "fail": false,
              "pending": false,
              "context": null,
              "code": "heroKuappAddRemove.navigateToPage();\nheroKuappAddRemove.titleValidation().should('have.text', \"Add/Remove Elements\");\nheroKuappAddRemove.addElementButton().click();\nheroKuappAddRemove.deleteElementButton().should('be.visible');\nheroKuappAddRemove.deleteElementButton().click();\nheroKuappAddRemove.deleteElementButton().should('not.exist');",
              "err": {},
              "uuid": "b7271227-ad5f-41c8-b259-9d81b16e441a",
              "parentUUID": "baf723d3-c5ac-48ce-81f0-72e4198978f3",
              "isHook": false,
              "skipped": false
            },
            {
              "title": "Validacion de imagenes rotas",
              "fullTitle": "Practicando Cypress con la pagina de The internet Herokuapp Validacion de imagenes rotas",
              "timedOut": null,
              "duration": 912,
              "state": "passed",
              "speed": "fast",
              "pass": true,
              "fail": false,
              "pending": false,
              "context": null,
              "code": "heroKuappBroken.navigateToPage();\nheroKuappBroken.titleValidation().should('have.text', \"Broken Images\");\ncy.request({\n  url: \"https://the-internet.herokuapp.com/asdf.jpg\",\n  failOnStatusCode: false\n}).then(respuesta => {\n  expect(respuesta.status).to.eq(404);\n});\ncy.request({\n  url: \"https://the-internet.herokuapp.com/hjkl.jpg\",\n  failOnStatusCode: false\n}).then(respuesta => {\n  expect(respuesta.status).to.eq(404);\n});\ncy.request({\n  url: \"https://the-internet.herokuapp.com/img/avatar-blank.jpg\",\n  failOnStatusCode: false\n}).then(respuesta => {\n  expect(respuesta.status).to.eq(200);\n});",
              "err": {},
              "uuid": "8c997b6e-0e8c-4089-91f8-3568f696a8dd",
              "parentUUID": "baf723d3-c5ac-48ce-81f0-72e4198978f3",
              "isHook": false,
              "skipped": false
            },
            {
              "title": "Validacion de checkbox",
              "fullTitle": "Practicando Cypress con la pagina de The internet Herokuapp Validacion de checkbox",
              "timedOut": null,
              "duration": 881,
              "state": "passed",
              "speed": "fast",
              "pass": true,
              "fail": false,
              "pending": false,
              "context": null,
              "code": "heroKuappCheckbox.navigateToPage();\nheroKuappCheckbox.titleValidation().should('have.text', \"Checkboxes\");\nheroKuappCheckbox.checkBox1().should('not.be.checked');\nheroKuappCheckbox.checkBox2().should('be.checked');\nheroKuappCheckbox.checkBox1().check().uncheck().check();\nheroKuappCheckbox.checkBox2().uncheck().check().uncheck();\nheroKuappCheckbox.checkBox1().should('be.checked');\nheroKuappCheckbox.checkBox2().should('not.be.checked');",
              "err": {},
              "uuid": "5103df24-bc26-4067-9c77-af90a660f8d3",
              "parentUUID": "baf723d3-c5ac-48ce-81f0-72e4198978f3",
              "isHook": false,
              "skipped": false
            },
            {
              "title": "Validacion de clic derecho",
              "fullTitle": "Practicando Cypress con la pagina de The internet Herokuapp Validacion de clic derecho",
              "timedOut": null,
              "duration": 349,
              "state": "passed",
              "speed": "fast",
              "pass": true,
              "fail": false,
              "pending": false,
              "context": null,
              "code": "heroKuappRightClic.navigateToPage();\nheroKuappRightClic.titleValidation().should('have.text', \"Context Menu\");\nheroKuappRightClic.rightClickArea().rightclick();\ncy.on(\"window:confirm\", t => {\n  expect(t).to.equal(\"You selected a context menu\");\n});\nheroKuappRightClic.titleValidation().should('have.text', \"Context Menu\");",
              "err": {},
              "uuid": "5ffa0aef-bd2d-4b80-a329-d7cd7c3a7e3d",
              "parentUUID": "baf723d3-c5ac-48ce-81f0-72e4198978f3",
              "isHook": false,
              "skipped": false
            },
            {
              "title": "Validacion de arrastrar y soltar",
              "fullTitle": "Practicando Cypress con la pagina de The internet Herokuapp Validacion de arrastrar y soltar",
              "timedOut": null,
              "duration": 813,
              "state": "passed",
              "speed": "fast",
              "pass": true,
              "fail": false,
              "pending": false,
              "context": null,
              "code": "heroKuappDragDrop.navigateToPage();\nheroKuappDragDrop.titleValidation().should('have.text', \"Drag and Drop\");\nheroKuappDragDrop.dragDropElements();",
              "err": {},
              "uuid": "40b4581c-ce78-4092-9fa1-6b1fcb3e7ad9",
              "parentUUID": "baf723d3-c5ac-48ce-81f0-72e4198978f3",
              "isHook": false,
              "skipped": false
            },
            {
              "title": "Validacion de Dropdown",
              "fullTitle": "Practicando Cypress con la pagina de The internet Herokuapp Validacion de Dropdown",
              "timedOut": null,
              "duration": 570,
              "state": "passed",
              "speed": "fast",
              "pass": true,
              "fail": false,
              "pending": false,
              "context": null,
              "code": "heroKuappDropdown.navigateToPage();\nheroKuappDropdown.titleValidation().should('have.text', \"Dropdown List\");\nheroKuappDropdown.dropdownAction();\nheroKuappDropdown.dropdownSelect1();\nheroKuappDropdown.dropdownAction();\nheroKuappDropdown.dropdownSelect2();\nheroKuappDropdown.dropdownValidation().should('have.value', '2');",
              "err": {},
              "uuid": "d00af320-551e-4928-9660-1d40a054b5f9",
              "parentUUID": "baf723d3-c5ac-48ce-81f0-72e4198978f3",
              "isHook": false,
              "skipped": false
            },
            {
              "title": "Validacion de elementos dinamicos",
              "fullTitle": "Practicando Cypress con la pagina de The internet Herokuapp Validacion de elementos dinamicos",
              "timedOut": null,
              "duration": 13248,
              "state": "passed",
              "speed": "slow",
              "pass": true,
              "fail": false,
              "pending": false,
              "context": null,
              "code": "heroKuappDynamicElement.navigateToPage();\nheroKuappDynamicElement.titleValidation().should('have.text', \"Dynamic Controls\");\nheroKuappDynamicElement.checkbox().should('not.be.checked').check();\nheroKuappDynamicElement.addRemoveButton().click();\nheroKuappDynamicElement.messageLabel().should('have.text', \"It's gone!\");\nheroKuappDynamicElement.checkbox().should('not.exist');\nheroKuappDynamicElement.addRemoveButton().click();\nheroKuappDynamicElement.messageLabel().should('have.text', \"It's back!\");\nheroKuappDynamicElement.textBox().should('be.disabled');\nheroKuappDynamicElement.enableDisableButton().click();\nheroKuappDynamicElement.messageLabel().should('have.text', \"It's enabled!\");\nheroKuappDynamicElement.textBox().should('be.enabled');\nheroKuappDynamicElement.enableDisableButton().click();\nheroKuappDynamicElement.messageLabel().should('have.text', \"It's disabled!\");",
              "err": {},
              "uuid": "7aeac8f5-dc44-49bf-943c-e04c3ccf5c00",
              "parentUUID": "baf723d3-c5ac-48ce-81f0-72e4198978f3",
              "isHook": false,
              "skipped": false
            },
            {
              "title": "Validacion de barra de carga",
              "fullTitle": "Practicando Cypress con la pagina de The internet Herokuapp Validacion de barra de carga",
              "timedOut": null,
              "duration": 631,
              "state": "passed",
              "speed": "fast",
              "pass": true,
              "fail": false,
              "pending": false,
              "context": null,
              "code": "heroKuappLoading.navigateToPage();\nheroKuappLoading.titleValidation().should('have.text', \"Dynamically Loaded Page Elements\");\nheroKuappLoading.startButton().click();\nheroKuappLoading.messageLabel().should('have.text', \"Hello World!\");",
              "err": {},
              "uuid": "8fe85e4c-2e05-4612-9dac-d1f2cf4d298d",
              "parentUUID": "baf723d3-c5ac-48ce-81f0-72e4198978f3",
              "isHook": false,
              "skipped": false
            },
            {
              "title": "Validacion de manejo de comercial",
              "fullTitle": "Practicando Cypress con la pagina de The internet Herokuapp Validacion de manejo de comercial",
              "timedOut": null,
              "duration": 2990,
              "state": "passed",
              "speed": "fast",
              "pass": true,
              "fail": false,
              "pending": false,
              "context": null,
              "code": "heroKuappEntryAd.navigateToPage();\nheroKuappEntryAd.closeAdButton().click();\nheroKuappEntryAd.waitTo();\nheroKuappEntryAd.titleValidation().should('have.text', \"Entry Ad\");",
              "err": {},
              "uuid": "b7b738cf-eb99-4012-b65d-4152c5137682",
              "parentUUID": "baf723d3-c5ac-48ce-81f0-72e4198978f3",
              "isHook": false,
              "skipped": false
            },
            {
              "title": "Validacion de descarga de archivo",
              "fullTitle": "Practicando Cypress con la pagina de The internet Herokuapp Validacion de descarga de archivo",
              "timedOut": null,
              "duration": 811,
              "state": "passed",
              "speed": "fast",
              "pass": true,
              "fail": false,
              "pending": false,
              "context": null,
              "code": "heroKuappDownload.navigateToPage();\nheroKuappDownload.titleValidation().should('have.text', \"File Downloader\");\nheroKuappDownload.downloadLink().click();",
              "err": {},
              "uuid": "827675e6-bac6-4967-bfd7-7209365b6ea2",
              "parentUUID": "baf723d3-c5ac-48ce-81f0-72e4198978f3",
              "isHook": false,
              "skipped": false
            },
            {
              "title": "Validacion de cargar un archivo",
              "fullTitle": "Practicando Cypress con la pagina de The internet Herokuapp Validacion de cargar un archivo",
              "timedOut": null,
              "duration": 766,
              "state": "passed",
              "speed": "fast",
              "pass": true,
              "fail": false,
              "pending": false,
              "context": null,
              "code": "heroKuappUpload.navigateToPage();\nheroKuappUpload.titleValidation().should('have.text', \"File Uploader\");\nheroKuappUpload.loadButton().selectFile('E:/Users/10053902/Desktop/Test.txt');\nheroKuappUpload.uploadButton().click();\nheroKuappUpload.titleValidation().should('have.text', \"File Uploaded!\");",
              "err": {},
              "uuid": "90a3efa5-884d-42b0-88ad-51ec42778e28",
              "parentUUID": "baf723d3-c5ac-48ce-81f0-72e4198978f3",
              "isHook": false,
              "skipped": false
            },
            {
              "title": "Validacion de menu flotante",
              "fullTitle": "Practicando Cypress con la pagina de The internet Herokuapp Validacion de menu flotante",
              "timedOut": null,
              "duration": 658,
              "state": "passed",
              "speed": "fast",
              "pass": true,
              "fail": false,
              "pending": false,
              "context": null,
              "code": "heroKuappFloating.navigateToPage();\nheroKuappFloating.titleValidation().should('have.text', \"Floating Menu\");\nheroKuappFloating.downPage();\nheroKuappFloating.menuHome().click();\nheroKuappFloating.getUrl().should('include', 'home');\nheroKuappFloating.menuNews().click();\nheroKuappFloating.getUrl().should('include', 'news');\nheroKuappFloating.menuContact().click();\nheroKuappFloating.getUrl().should('include', 'contact');\nheroKuappFloating.menuAbout().click();\nheroKuappFloating.getUrl().should('include', 'about');",
              "err": {},
              "uuid": "d9030abf-e4bd-4365-a7c4-2ff13fbb7263",
              "parentUUID": "baf723d3-c5ac-48ce-81f0-72e4198978f3",
              "isHook": false,
              "skipped": false
            },
            {
              "title": "Validacion de olvide mi password",
              "fullTitle": "Practicando Cypress con la pagina de The internet Herokuapp Validacion de olvide mi password",
              "timedOut": null,
              "duration": 1037,
              "state": "passed",
              "speed": "fast",
              "pass": true,
              "fail": false,
              "pending": false,
              "context": null,
              "code": "heroKuappForgot.navigateToPage();\nheroKuappForgot.titleValidation().should('have.text', \"Forgot Password\");\nheroKuappForgot.textBox();\nheroKuappForgot.retrieveButton().click();\nheroKuappForgot.serverLabel().should('have.text', \"Internal Server Error\");",
              "err": {},
              "uuid": "a8bc4ee2-b95e-4d1a-9c21-28f529da427d",
              "parentUUID": "baf723d3-c5ac-48ce-81f0-72e4198978f3",
              "isHook": false,
              "skipped": false
            },
            {
              "title": "Validacion de Login",
              "fullTitle": "Practicando Cypress con la pagina de The internet Herokuapp Validacion de Login",
              "timedOut": null,
              "duration": 2552,
              "state": "passed",
              "speed": "fast",
              "pass": true,
              "fail": false,
              "pending": false,
              "context": null,
              "code": "heroKuappAuth.navigateToPage();\nheroKuappAuth.titleValidation().should('have.text', \"Login Page\");\nheroKuappAuth.usernameSend();\nheroKuappAuth.passwordSend();\nheroKuappAuth.loginButton().click();\nheroKuappAuth.loginMsg().should('contain', \"You logged into a secure area!\");\nheroKuappAuth.logoutButton().click();\nheroKuappAuth.loginMsg().should('contain', \"You logged out of the secure area!\");\nheroKuappAuth.usernameWrongSend();\nheroKuappAuth.passwordSend();\nheroKuappAuth.loginButton().click();\nheroKuappAuth.loginMsg().should('contain', \"Your username is invalid!\");",
              "err": {},
              "uuid": "f7ffdc8e-5190-4cfe-b0cf-1475d22de667",
              "parentUUID": "baf723d3-c5ac-48ce-81f0-72e4198978f3",
              "isHook": false,
              "skipped": false
            },
            {
              "title": "Validacion de Frames anidados",
              "fullTitle": "Practicando Cypress con la pagina de The internet Herokuapp Validacion de Frames anidados",
              "timedOut": null,
              "duration": 3026,
              "state": "passed",
              "speed": "fast",
              "pass": true,
              "fail": false,
              "pending": false,
              "context": null,
              "code": "heroKuappFrames.navigateToPage();\nheroKuappFrames.frameAction();",
              "err": {},
              "uuid": "f18c17e4-29b1-4e00-b7ba-b29d3729ee17",
              "parentUUID": "baf723d3-c5ac-48ce-81f0-72e4198978f3",
              "isHook": false,
              "skipped": false
            },
            {
              "title": "Validacion de Geolocalizacion",
              "fullTitle": "Practicando Cypress con la pagina de The internet Herokuapp Validacion de Geolocalizacion",
              "timedOut": null,
              "duration": 3817,
              "state": "passed",
              "speed": "fast",
              "pass": true,
              "fail": false,
              "pending": false,
              "context": null,
              "code": "heroKuappGeo.navigateToPage();\nheroKuappGeo.titleValidation().should('have.text', \"Geolocation\");\nheroKuappGeo.whereButton().click();\nheroKuappGeo.waitTo();\nheroKuappGeo.latitudeValue().should('contain', \"19\");\nheroKuappGeo.longitudeValue().should('contain', \"-99\");",
              "err": {},
              "uuid": "1a4d4f17-2049-433e-a022-adfcf2005f78",
              "parentUUID": "baf723d3-c5ac-48ce-81f0-72e4198978f3",
              "isHook": false,
              "skipped": false
            },
            {
              "title": "Validacion de Slider",
              "fullTitle": "Practicando Cypress con la pagina de The internet Herokuapp Validacion de Slider",
              "timedOut": null,
              "duration": 463,
              "state": "passed",
              "speed": "fast",
              "pass": true,
              "fail": false,
              "pending": false,
              "context": null,
              "code": "heroKuappSlider.navigateToPage();\nheroKuappSlider.titleValidation().should('have.text', \"Horizontal Slider\");\nheroKuappSlider.sliderValue().should('have.text', \"0\");\nheroKuappSlider.sliderAction().invoke('val', 0.5).trigger('change');\nheroKuappSlider.sliderValue().should('have.text', \"0.5\");\nheroKuappSlider.sliderAction().invoke('val', 1).trigger('change');\nheroKuappSlider.sliderValue().should('have.text', \"1\");\nheroKuappSlider.sliderAction().invoke('val', 1.5).trigger('change');\nheroKuappSlider.sliderValue().should('have.text', \"1.5\");\nheroKuappSlider.sliderAction().invoke('val', 2).trigger('change');\nheroKuappSlider.sliderValue().should('have.text', \"2\");\nheroKuappSlider.sliderAction().invoke('val', 2.5).trigger('change');\nheroKuappSlider.sliderValue().should('have.text', \"2.5\");\nheroKuappSlider.sliderAction().invoke('val', 3).trigger('change');\nheroKuappSlider.sliderValue().should('have.text', \"3\");\nheroKuappSlider.sliderAction().invoke('val', 3.5).trigger('change');\nheroKuappSlider.sliderValue().should('have.text', \"3.5\");\nheroKuappSlider.sliderAction().invoke('val', 4).trigger('change');\nheroKuappSlider.sliderValue().should('have.text', \"4\");\nheroKuappSlider.sliderAction().invoke('val', 4.5).trigger('change');\nheroKuappSlider.sliderValue().should('have.text', \"4.5\");\nheroKuappSlider.sliderAction().invoke('val', 5).trigger('change');\nheroKuappSlider.sliderValue().should('have.text', \"5\");",
              "err": {},
              "uuid": "a4daa766-183d-494b-9df7-3bb183877f08",
              "parentUUID": "baf723d3-c5ac-48ce-81f0-72e4198978f3",
              "isHook": false,
              "skipped": false
            },
            {
              "title": "Validacion de over elements",
              "fullTitle": "Practicando Cypress con la pagina de The internet Herokuapp Validacion de over elements",
              "timedOut": null,
              "duration": 278,
              "state": "passed",
              "speed": "fast",
              "pass": true,
              "fail": false,
              "pending": false,
              "context": null,
              "code": "heroKuappHover.navigateToPage();\nheroKuappHover.titleValidation().should('have.text', \"Hovers\");\nheroKuappHover.hiddenProfile1().should('not.be.visible').should('have.text', 'name: user1');\nheroKuappHover.hiddenProfile2().should('not.be.visible').should('have.text', 'name: user2');\nheroKuappHover.hiddenProfile3().should('not.be.visible').should('have.text', 'name: user3');",
              "err": {},
              "uuid": "6c0ef073-3b3c-4e41-bd36-b82f02086687",
              "parentUUID": "baf723d3-c5ac-48ce-81f0-72e4198978f3",
              "isHook": false,
              "skipped": false
            },
            {
              "title": "Validacion de Inputs",
              "fullTitle": "Practicando Cypress con la pagina de The internet Herokuapp Validacion de Inputs",
              "timedOut": null,
              "duration": 3419,
              "state": "passed",
              "speed": "fast",
              "pass": true,
              "fail": false,
              "pending": false,
              "context": null,
              "code": "heroKuappInputs.navigateToPage();\nheroKuappInputs.titleValidation().should('have.text', \"Inputs\");\nheroKuappInputs.inputTexbox().should('be.visible');\nconst times = 30;\nfor (let i = 0; i < times; i++) {\n  heroKuappInputs.inputTexbox().type('{uparrow}');\n}\nfor (let i = 15; i < times; i++) {\n  heroKuappInputs.inputTexbox().type('{downarrow}');\n}",
              "err": {},
              "uuid": "1d7bdcb7-e283-45a7-a4a9-d7c60936427a",
              "parentUUID": "baf723d3-c5ac-48ce-81f0-72e4198978f3",
              "isHook": false,
              "skipped": false
            },
            {
              "title": "Validacion de menu en Jquery",
              "fullTitle": "Practicando Cypress con la pagina de The internet Herokuapp Validacion de menu en Jquery",
              "timedOut": null,
              "duration": 1039,
              "state": "passed",
              "speed": "fast",
              "pass": true,
              "fail": false,
              "pending": false,
              "context": null,
              "code": "heroKuappJmenu.navigateToPage();\nheroKuappJmenu.titleValidation().should('have.text', \"JQueryUI - Menu\");\nheroKuappJmenu.enableMenu().click();\nheroKuappJmenu.downloadMenu().click();\nheroKuappJmenu.excelMenu().should('be.visible').click();",
              "err": {},
              "uuid": "3c966218-7866-4f71-8037-fcbdec68c52f",
              "parentUUID": "baf723d3-c5ac-48ce-81f0-72e4198978f3",
              "isHook": false,
              "skipped": false
            },
            {
              "title": "Validacion de Alerta simple",
              "fullTitle": "Practicando Cypress con la pagina de The internet Herokuapp Validacion de Alerta simple",
              "timedOut": null,
              "duration": 356,
              "state": "passed",
              "speed": "fast",
              "pass": true,
              "fail": false,
              "pending": false,
              "context": null,
              "code": "heroKuappAlert.navigateToPage();\nheroKuappAlert.titleValidation().should('have.text', \"JavaScript Alerts\");\nheroKuappAlert.alert1().click();\nheroKuappAlert.textOnAlert1();\nheroKuappAlert.alertResult().should('have.text', 'You successfully clicked an alert');",
              "err": {},
              "uuid": "ce3b098a-10b8-409e-83fd-bc6cddefb9e0",
              "parentUUID": "baf723d3-c5ac-48ce-81f0-72e4198978f3",
              "isHook": false,
              "skipped": false
            },
            {
              "title": "Validacion de Alerta aceptada",
              "fullTitle": "Practicando Cypress con la pagina de The internet Herokuapp Validacion de Alerta aceptada",
              "timedOut": null,
              "duration": 350,
              "state": "passed",
              "speed": "fast",
              "pass": true,
              "fail": false,
              "pending": false,
              "context": null,
              "code": "heroKuappAlert.navigateToPage();\nheroKuappAlert.titleValidation().should('have.text', \"JavaScript Alerts\");\nheroKuappAlert.alert2().click();\nheroKuappAlert.textOnAlert2confirm();\nheroKuappAlert.alertResult().should('have.text', 'You clicked: Ok');",
              "err": {},
              "uuid": "774d7611-f902-4c8e-82db-8b6ea4776e7b",
              "parentUUID": "baf723d3-c5ac-48ce-81f0-72e4198978f3",
              "isHook": false,
              "skipped": false
            },
            {
              "title": "Validacion de Alerta cancelada",
              "fullTitle": "Practicando Cypress con la pagina de The internet Herokuapp Validacion de Alerta cancelada",
              "timedOut": null,
              "duration": 299,
              "state": "passed",
              "speed": "fast",
              "pass": true,
              "fail": false,
              "pending": false,
              "context": null,
              "code": "heroKuappAlert.navigateToPage();\nheroKuappAlert.titleValidation().should('have.text', \"JavaScript Alerts\");\nheroKuappAlert.alert2().click();\nheroKuappAlert.textOnAlert2dismiss();\nheroKuappAlert.alertResult().should('have.text', 'You clicked: Cancel');",
              "err": {},
              "uuid": "e8a46fac-1518-463a-b85c-14f10c184c6b",
              "parentUUID": "baf723d3-c5ac-48ce-81f0-72e4198978f3",
              "isHook": false,
              "skipped": false
            },
            {
              "title": "Validacion de Alerta prompt",
              "fullTitle": "Practicando Cypress con la pagina de The internet Herokuapp Validacion de Alerta prompt",
              "timedOut": null,
              "duration": 302,
              "state": "passed",
              "speed": "fast",
              "pass": true,
              "fail": false,
              "pending": false,
              "context": null,
              "code": "heroKuappAlert.navigateToPage();\nheroKuappAlert.titleValidation().should('have.text', \"JavaScript Alerts\");\nheroKuappAlert.textOnAlert3Prompt();\nheroKuappAlert.alert3().click();\nheroKuappAlert.alertResult().should('have.text', 'You entered: Test01');",
              "err": {},
              "uuid": "349e900b-79a5-4730-be46-efbe037e927f",
              "parentUUID": "baf723d3-c5ac-48ce-81f0-72e4198978f3",
              "isHook": false,
              "skipped": false
            },
            {
              "title": "Validacion de deteccion de tecla",
              "fullTitle": "Practicando Cypress con la pagina de The internet Herokuapp Validacion de deteccion de tecla",
              "timedOut": null,
              "duration": 1069,
              "state": "passed",
              "speed": "fast",
              "pass": true,
              "fail": false,
              "pending": false,
              "context": null,
              "code": "heroKuappKey.navigateToPage();\nheroKuappKey.titleValidation().should('have.text', \"Key Presses\");\nheroKuappKey.enterKey().type(\"{uparrow}\");\nheroKuappKey.resultLabel().should('have.text', \"You entered: UP\");\nheroKuappKey.enterKey().type(\"{downarrow}\");\nheroKuappKey.resultLabel().should('have.text', \"You entered: DOWN\");\nheroKuappKey.enterKey().type(\"{rightarrow}\");\nheroKuappKey.resultLabel().should('have.text', \"You entered: RIGHT\");\nheroKuappKey.enterKey().type(\"{leftarrow}\");\nheroKuappKey.resultLabel().should('have.text', \"You entered: LEFT\");\nheroKuappKey.enterKey().type(\"{esc}\");\nheroKuappKey.resultLabel().should('have.text', \"You entered: ESCAPE\");\nheroKuappKey.enterKey().type(\"{backspace}\");\nheroKuappKey.resultLabel().should('have.text', \"You entered: BACK_SPACE\");",
              "err": {},
              "uuid": "ce146073-4c0e-4da1-a945-275a47745416",
              "parentUUID": "baf723d3-c5ac-48ce-81f0-72e4198978f3",
              "isHook": false,
              "skipped": false
            },
            {
              "title": "Validacion de multiples pestañas",
              "fullTitle": "Practicando Cypress con la pagina de The internet Herokuapp Validacion de multiples pestañas",
              "timedOut": null,
              "duration": 443,
              "state": "passed",
              "speed": "fast",
              "pass": true,
              "fail": false,
              "pending": false,
              "context": null,
              "code": "heroKuappMulti.navigateToPage();\nheroKuappMulti.titleValidation().should('have.text', \"Opening a new window\");\nheroKuappMulti.newTabLink().invoke(\"removeAttr\", \"target\").click();\nheroKuappMulti.titleValidation().should('have.text', \"New Window\");",
              "err": {},
              "uuid": "f09fdd4d-2bd7-41ca-b2df-79f7db4634a7",
              "parentUUID": "baf723d3-c5ac-48ce-81f0-72e4198978f3",
              "isHook": false,
              "skipped": false
            },
            {
              "title": "Validacion de notificacion",
              "fullTitle": "Practicando Cypress con la pagina de The internet Herokuapp Validacion de notificacion",
              "timedOut": null,
              "duration": 801,
              "state": "passed",
              "speed": "fast",
              "pass": true,
              "fail": false,
              "pending": false,
              "context": null,
              "code": "heroKuappNoti.navigateToPage();\nheroKuappNoti.titleValidation().should('have.text', \"Notification Message\");\nheroKuappNoti.launchNoti().click();\nheroKuappNoti.notificationMsg().invoke('text').then(text => {\n  if (text.includes('success')) {\n    heroKuappNoti.notificationMsg().should('contain', \"Action successful\");\n  } else if (text.includes('unsuccess')) {\n    heroKuappNoti.notificationMsg().should('contain', \"Action unsuccessful\");\n  }\n});",
              "err": {},
              "uuid": "fb9dde78-7f98-4933-8a76-6c9d08fd7aa7",
              "parentUUID": "baf723d3-c5ac-48ce-81f0-72e4198978f3",
              "isHook": false,
              "skipped": false
            },
            {
              "title": "Validacion de shadow DOM",
              "fullTitle": "Practicando Cypress con la pagina de The internet Herokuapp Validacion de shadow DOM",
              "timedOut": null,
              "duration": 244,
              "state": "passed",
              "speed": "fast",
              "pass": true,
              "fail": false,
              "pending": false,
              "context": null,
              "code": "heroKuappShadow.navigateToPage();\nheroKuappShadow.titleValidation().should('have.text', \"Simple template\");\nheroKuappShadow.validationLabel1().should('have.text', \"Let's have some different text!\");\nheroKuappShadow.validationLabel2().should('have.text', \"Let's have some different text!\");\nheroKuappShadow.validationLabel3().should('have.text', \"In a list!\");",
              "err": {},
              "uuid": "427e09b1-b5ee-4632-bddc-c109bc7bb3e4",
              "parentUUID": "baf723d3-c5ac-48ce-81f0-72e4198978f3",
              "isHook": false,
              "skipped": false
            },
            {
              "title": "Validacion de tabla de datos",
              "fullTitle": "Practicando Cypress con la pagina de The internet Herokuapp Validacion de tabla de datos",
              "timedOut": null,
              "duration": 622,
              "state": "passed",
              "speed": "fast",
              "pass": true,
              "fail": false,
              "pending": false,
              "context": null,
              "code": "heroKuappTables.navigateToPage();\nheroKuappTables.titleValidation().should('have.text', \"Data Tables\");\nheroKuappTables.sortLastnames().click();\nheroKuappTables.firstNameValidation().should('have.text', 'Bach');\nheroKuappTables.sortDue().click().click();\nheroKuappTables.dueValidation().should('have.text', '$100.00');",
              "err": {},
              "uuid": "3f6f773b-20e0-4abb-852f-ea73db581efa",
              "parentUUID": "baf723d3-c5ac-48ce-81f0-72e4198978f3",
              "isHook": false,
              "skipped": false
            }
          ],
          "suites": [],
          "passes": [
            "7f8d20da-949b-459e-9fb8-0e856c9123a6",
            "b7271227-ad5f-41c8-b259-9d81b16e441a",
            "8c997b6e-0e8c-4089-91f8-3568f696a8dd",
            "5103df24-bc26-4067-9c77-af90a660f8d3",
            "5ffa0aef-bd2d-4b80-a329-d7cd7c3a7e3d",
            "40b4581c-ce78-4092-9fa1-6b1fcb3e7ad9",
            "d00af320-551e-4928-9660-1d40a054b5f9",
            "7aeac8f5-dc44-49bf-943c-e04c3ccf5c00",
            "8fe85e4c-2e05-4612-9dac-d1f2cf4d298d",
            "b7b738cf-eb99-4012-b65d-4152c5137682",
            "827675e6-bac6-4967-bfd7-7209365b6ea2",
            "90a3efa5-884d-42b0-88ad-51ec42778e28",
            "d9030abf-e4bd-4365-a7c4-2ff13fbb7263",
            "a8bc4ee2-b95e-4d1a-9c21-28f529da427d",
            "f7ffdc8e-5190-4cfe-b0cf-1475d22de667",
            "f18c17e4-29b1-4e00-b7ba-b29d3729ee17",
            "1a4d4f17-2049-433e-a022-adfcf2005f78",
            "a4daa766-183d-494b-9df7-3bb183877f08",
            "6c0ef073-3b3c-4e41-bd36-b82f02086687",
            "1d7bdcb7-e283-45a7-a4a9-d7c60936427a",
            "3c966218-7866-4f71-8037-fcbdec68c52f",
            "ce3b098a-10b8-409e-83fd-bc6cddefb9e0",
            "774d7611-f902-4c8e-82db-8b6ea4776e7b",
            "e8a46fac-1518-463a-b85c-14f10c184c6b",
            "349e900b-79a5-4730-be46-efbe037e927f",
            "ce146073-4c0e-4da1-a945-275a47745416",
            "f09fdd4d-2bd7-41ca-b2df-79f7db4634a7",
            "fb9dde78-7f98-4933-8a76-6c9d08fd7aa7",
            "427e09b1-b5ee-4632-bddc-c109bc7bb3e4",
            "3f6f773b-20e0-4abb-852f-ea73db581efa"
          ],
          "failures": [],
          "pending": [],
          "skipped": [],
          "duration": 45095,
          "root": false,
          "rootEmpty": false,
          "_timeout": 2000
        }
      ],
      "passes": [],
      "failures": [],
      "pending": [],
      "skipped": [],
      "duration": 0,
      "root": true,
      "rootEmpty": true,
      "_timeout": 2000
    }
  ],
  "meta": {
    "mocha": {
      "version": "7.2.0"
    },
    "mochawesome": {
      "options": {
        "quiet": false,
        "reportFilename": "mochawesome",
        "saveHtml": true,
        "saveJson": true,
        "consoleReporter": "spec",
        "useInlineDiffs": false,
        "code": true
      },
      "version": "7.1.3"
    },
    "marge": {
      "options": {
        "charts": true,
        "overwrite": false,
        "embeddedScreenshots": true
      },
      "version": "6.2.0"
    }
  }
}