{
  "stats": {
    "suites": 1,
    "tests": 30,
    "passes": 29,
    "pending": 0,
    "failures": 1,
    "start": "2025-06-17T01:43:50.743Z",
    "end": "2025-06-17T01:44:33.633Z",
    "duration": 42890,
    "testsRegistered": 30,
    "passPercent": 96.66666666666667,
    "pendingPercent": 0,
    "other": 0,
    "hasOther": false,
    "skipped": 0,
    "hasSkipped": false
  },
  "results": [
    {
      "uuid": "024802d1-1ce3-48ea-941f-f7b90f60b086",
      "title": "",
      "fullFile": "cypress\\e2e\\TheInternetPractice\\TheInternetSteps.cy.js",
      "file": "cypress\\e2e\\TheInternetPractice\\TheInternetSteps.cy.js",
      "beforeHooks": [],
      "afterHooks": [],
      "tests": [],
      "suites": [
        {
          "uuid": "ba8cb365-335d-454a-90c5-dff7741f6dbe",
          "title": "Practicando Cypress con la pagina de The internet Herokuapp",
          "fullFile": "",
          "file": "",
          "beforeHooks": [],
          "afterHooks": [],
          "tests": [
            {
              "title": "Validacion de un texto",
              "fullTitle": "Practicando Cypress con la pagina de The internet Herokuapp Validacion de un texto",
              "timedOut": null,
              "duration": 888,
              "state": "passed",
              "speed": "fast",
              "pass": true,
              "fail": false,
              "pending": false,
              "context": null,
              "code": "heroKuappText.navigateToPage();\nheroKuappText.textToValidate().should('have.text', \"\\n    Also known as split testing. This is a way in which businesses are able to simultaneously test and learn different versions of a page to see which text and/or functionality works best towards a desired outcome (e.g. a user action such as a click-through).\");",
              "err": {},
              "uuid": "cf5a84d4-9353-4200-94d6-3965722373dc",
              "parentUUID": "ba8cb365-335d-454a-90c5-dff7741f6dbe",
              "isHook": false,
              "skipped": false
            },
            {
              "title": "Validacion de agregar y eliminar un elemento",
              "fullTitle": "Practicando Cypress con la pagina de The internet Herokuapp Validacion de agregar y eliminar un elemento",
              "timedOut": null,
              "duration": 326,
              "state": "passed",
              "speed": "fast",
              "pass": true,
              "fail": false,
              "pending": false,
              "context": null,
              "code": "heroKuappAddRemove.navigateToPage();\nheroKuappAddRemove.titleValidation().should('have.text', \"Add/Remove Elements\");\nheroKuappAddRemove.addElementButton().click();\nheroKuappAddRemove.deleteElementButton().should('be.visible');\nheroKuappAddRemove.deleteElementButton().click();\nheroKuappAddRemove.deleteElementButton().should('not.exist');",
              "err": {},
              "uuid": "cc46f438-dbda-4eeb-8860-af1d0ae0e5d4",
              "parentUUID": "ba8cb365-335d-454a-90c5-dff7741f6dbe",
              "isHook": false,
              "skipped": false
            },
            {
              "title": "Validacion de imagenes rotas",
              "fullTitle": "Practicando Cypress con la pagina de The internet Herokuapp Validacion de imagenes rotas",
              "timedOut": null,
              "duration": 556,
              "state": "passed",
              "speed": "fast",
              "pass": true,
              "fail": false,
              "pending": false,
              "context": null,
              "code": "heroKuappBroken.navigateToPage();\nheroKuappBroken.titleValidation().should('have.text', \"Broken Images\");\ncy.request({\n  url: \"https://the-internet.herokuapp.com/asdf.jpg\",\n  failOnStatusCode: false\n}).then(respuesta => {\n  expect(respuesta.status).to.eq(404);\n});\ncy.request({\n  url: \"https://the-internet.herokuapp.com/hjkl.jpg\",\n  failOnStatusCode: false\n}).then(respuesta => {\n  expect(respuesta.status).to.eq(404);\n});\ncy.request({\n  url: \"https://the-internet.herokuapp.com/img/avatar-blank.jpg\",\n  failOnStatusCode: false\n}).then(respuesta => {\n  expect(respuesta.status).to.eq(200);\n});",
              "err": {},
              "uuid": "15db452e-1ed5-4aa8-ad97-9a7248e54e3a",
              "parentUUID": "ba8cb365-335d-454a-90c5-dff7741f6dbe",
              "isHook": false,
              "skipped": false
            },
            {
              "title": "Validacion de checkbox",
              "fullTitle": "Practicando Cypress con la pagina de The internet Herokuapp Validacion de checkbox",
              "timedOut": null,
              "duration": 657,
              "state": "passed",
              "speed": "fast",
              "pass": true,
              "fail": false,
              "pending": false,
              "context": null,
              "code": "heroKuappCheckbox.navigateToPage();\nheroKuappCheckbox.titleValidation().should('have.text', \"Checkboxes\");\nheroKuappCheckbox.checkBox1().should('not.be.checked');\nheroKuappCheckbox.checkBox2().should('be.checked');\nheroKuappCheckbox.checkBox1().check().uncheck().check();\nheroKuappCheckbox.checkBox2().uncheck().check().uncheck();\nheroKuappCheckbox.checkBox1().should('be.checked');\nheroKuappCheckbox.checkBox2().should('not.be.checked');",
              "err": {},
              "uuid": "ee71be80-2f22-4d53-aba3-1723bc505000",
              "parentUUID": "ba8cb365-335d-454a-90c5-dff7741f6dbe",
              "isHook": false,
              "skipped": false
            },
            {
              "title": "Validacion de clic derecho",
              "fullTitle": "Practicando Cypress con la pagina de The internet Herokuapp Validacion de clic derecho",
              "timedOut": null,
              "duration": 231,
              "state": "passed",
              "speed": "fast",
              "pass": true,
              "fail": false,
              "pending": false,
              "context": null,
              "code": "heroKuappRightClic.navigateToPage();\nheroKuappRightClic.titleValidation().should('have.text', \"Context Menu\");\nheroKuappRightClic.rightClickArea().rightclick();\ncy.on(\"window:confirm\", t => {\n  expect(t).to.equal(\"You selected a context menu\");\n});\nheroKuappRightClic.titleValidation().should('have.text', \"Context Menu\");",
              "err": {},
              "uuid": "24ea16a0-7a52-463b-8b36-cb0a3b31ad9c",
              "parentUUID": "ba8cb365-335d-454a-90c5-dff7741f6dbe",
              "isHook": false,
              "skipped": false
            },
            {
              "title": "Validacion de arrastrar y soltar",
              "fullTitle": "Practicando Cypress con la pagina de The internet Herokuapp Validacion de arrastrar y soltar",
              "timedOut": null,
              "duration": 576,
              "state": "passed",
              "speed": "fast",
              "pass": true,
              "fail": false,
              "pending": false,
              "context": null,
              "code": "heroKuappDragDrop.navigateToPage();\nheroKuappDragDrop.titleValidation().should('have.text', \"Drag and Drop\");\nheroKuappDragDrop.dragDropElements();",
              "err": {},
              "uuid": "19a58b21-d566-4b3b-a880-c76aa033e6eb",
              "parentUUID": "ba8cb365-335d-454a-90c5-dff7741f6dbe",
              "isHook": false,
              "skipped": false
            },
            {
              "title": "Validacion de Dropdown",
              "fullTitle": "Practicando Cypress con la pagina de The internet Herokuapp Validacion de Dropdown",
              "timedOut": null,
              "duration": 447,
              "state": "passed",
              "speed": "fast",
              "pass": true,
              "fail": false,
              "pending": false,
              "context": null,
              "code": "heroKuappDropdown.navigateToPage();\nheroKuappDropdown.titleValidation().should('have.text', \"Dropdown List\");\nheroKuappDropdown.dropdownAction();\nheroKuappDropdown.dropdownSelect1();\nheroKuappDropdown.dropdownAction();\nheroKuappDropdown.dropdownSelect2();\nheroKuappDropdown.dropdownValidation().should('have.value', '2');",
              "err": {},
              "uuid": "b4fb1ab2-994f-4db6-bd8a-3599af73fb38",
              "parentUUID": "ba8cb365-335d-454a-90c5-dff7741f6dbe",
              "isHook": false,
              "skipped": false
            },
            {
              "title": "Validacion de elementos dinamicos",
              "fullTitle": "Practicando Cypress con la pagina de The internet Herokuapp Validacion de elementos dinamicos",
              "timedOut": null,
              "duration": 12824,
              "state": "passed",
              "speed": "slow",
              "pass": true,
              "fail": false,
              "pending": false,
              "context": null,
              "code": "heroKuappDynamicElement.navigateToPage();\nheroKuappDynamicElement.titleValidation().should('have.text', \"Dynamic Controls\");\nheroKuappDynamicElement.checkbox().should('not.be.checked').check();\nheroKuappDynamicElement.addRemoveButton().click();\nheroKuappDynamicElement.messageLabel().should('have.text', \"It's gone!\");\nheroKuappDynamicElement.checkbox().should('not.exist');\nheroKuappDynamicElement.addRemoveButton().click();\nheroKuappDynamicElement.messageLabel().should('have.text', \"It's back!\");\nheroKuappDynamicElement.textBox().should('be.disabled');\nheroKuappDynamicElement.enableDisableButton().click();\nheroKuappDynamicElement.messageLabel().should('have.text', \"It's enabled!\");\nheroKuappDynamicElement.textBox().should('be.enabled');\nheroKuappDynamicElement.enableDisableButton().click();\nheroKuappDynamicElement.messageLabel().should('have.text', \"It's disabled!\");",
              "err": {},
              "uuid": "a7730663-239a-492f-8526-1ded558641f6",
              "parentUUID": "ba8cb365-335d-454a-90c5-dff7741f6dbe",
              "isHook": false,
              "skipped": false
            },
            {
              "title": "Validacion de barra de carga",
              "fullTitle": "Practicando Cypress con la pagina de The internet Herokuapp Validacion de barra de carga",
              "timedOut": null,
              "duration": 545,
              "state": "passed",
              "speed": "fast",
              "pass": true,
              "fail": false,
              "pending": false,
              "context": null,
              "code": "heroKuappLoading.navigateToPage();\nheroKuappLoading.titleValidation().should('have.text', \"Dynamically Loaded Page Elements\");\nheroKuappLoading.startButton().click();\nheroKuappLoading.messageLabel().should('have.text', \"Hello World!\");",
              "err": {},
              "uuid": "73a82db6-d6bc-40d9-b603-fe0c4a33940d",
              "parentUUID": "ba8cb365-335d-454a-90c5-dff7741f6dbe",
              "isHook": false,
              "skipped": false
            },
            {
              "title": "Validacion de manejo de comercial",
              "fullTitle": "Practicando Cypress con la pagina de The internet Herokuapp Validacion de manejo de comercial",
              "timedOut": null,
              "duration": 2942,
              "state": "passed",
              "speed": "fast",
              "pass": true,
              "fail": false,
              "pending": false,
              "context": null,
              "code": "heroKuappEntryAd.navigateToPage();\nheroKuappEntryAd.closeAdButton().click();\nheroKuappEntryAd.waitTo();\nheroKuappEntryAd.titleValidation().should('have.text', \"Entry Ad\");",
              "err": {},
              "uuid": "21814147-73d0-4af3-a9c0-158c6235a8fe",
              "parentUUID": "ba8cb365-335d-454a-90c5-dff7741f6dbe",
              "isHook": false,
              "skipped": false
            },
            {
              "title": "Validacion de descarga de archivo",
              "fullTitle": "Practicando Cypress con la pagina de The internet Herokuapp Validacion de descarga de archivo",
              "timedOut": null,
              "duration": 320,
              "state": "passed",
              "speed": "fast",
              "pass": true,
              "fail": false,
              "pending": false,
              "context": null,
              "code": "heroKuappDownload.navigateToPage();\nheroKuappDownload.titleValidation().should('have.text', \"File Downloader\");\nheroKuappDownload.downloadLink().click();",
              "err": {},
              "uuid": "ae0f1bb9-45b8-4ae2-8d1e-ce34856a5811",
              "parentUUID": "ba8cb365-335d-454a-90c5-dff7741f6dbe",
              "isHook": false,
              "skipped": false
            },
            {
              "title": "Validacion de cargar un archivo",
              "fullTitle": "Practicando Cypress con la pagina de The internet Herokuapp Validacion de cargar un archivo",
              "timedOut": null,
              "duration": 563,
              "state": "failed",
              "speed": null,
              "pass": false,
              "fail": true,
              "pending": false,
              "context": null,
              "code": "heroKuappUpload.navigateToPage();\nheroKuappUpload.titleValidation().should('have.text', \"File Uploader\");\nheroKuappUpload.loadButton().selectFile('C:\\Users\\diego\\OneDrive\\Escritorio\\test.csv');\nheroKuappUpload.uploadButton().click();\nheroKuappUpload.titleValidation().should('have.text', \"File Uploaded!\");",
              "err": {
                "message": "CypressError: `cy.selectFile(\"C:UsersdiegoOneDriveEscritorio\test.csv\")` failed because the file does not exist at the following path:\n\n`C:\\Users\\diego\\Documents\\Cypress\\UsersdiegoOneDriveEscritorio\test.csv`\n\nhttps://on.cypress.io/selectfile",
                "estack": "CypressError: `cy.selectFile(\"C:UsersdiegoOneDriveEscritorio\test.csv\")` failed because the file does not exist at the following path:\n\n`C:\\Users\\diego\\Documents\\Cypress\\UsersdiegoOneDriveEscritorio\test.csv`\n\nhttps://on.cypress.io/selectfile\n    at <unknown> (https://the-internet.herokuapp.com/__cypress/runner/cypress_runner.js:115979:70)\n    at tryCatcher (https://the-internet.herokuapp.com/__cypress/runner/cypress_runner.js:1777:23)\n    at Promise._settlePromiseFromHandler (https://the-internet.herokuapp.com/__cypress/runner/cypress_runner.js:1489:31)\n    at Promise._settlePromise (https://the-internet.herokuapp.com/__cypress/runner/cypress_runner.js:1546:18)\n    at Promise._settlePromise0 (https://the-internet.herokuapp.com/__cypress/runner/cypress_runner.js:1591:10)\n    at Promise._settlePromises (https://the-internet.herokuapp.com/__cypress/runner/cypress_runner.js:1667:18)\n    at _drainQueueStep (https://the-internet.herokuapp.com/__cypress/runner/cypress_runner.js:2377:12)\n    at _drainQueue (https://the-internet.herokuapp.com/__cypress/runner/cypress_runner.js:2370:9)\n    at Async._drainQueues (https://the-internet.herokuapp.com/__cypress/runner/cypress_runner.js:2386:5)\n    at Async.drainQueues (https://the-internet.herokuapp.com/__cypress/runner/cypress_runner.js:2256:14)",
                "diff": null
              },
              "uuid": "03d1bcb4-057c-4c05-9268-e940608ff89b",
              "parentUUID": "ba8cb365-335d-454a-90c5-dff7741f6dbe",
              "isHook": false,
              "skipped": false
            },
            {
              "title": "Validacion de menu flotante",
              "fullTitle": "Practicando Cypress con la pagina de The internet Herokuapp Validacion de menu flotante",
              "timedOut": null,
              "duration": 579,
              "state": "passed",
              "speed": "fast",
              "pass": true,
              "fail": false,
              "pending": false,
              "context": null,
              "code": "heroKuappFloating.navigateToPage();\nheroKuappFloating.titleValidation().should('have.text', \"Floating Menu\");\nheroKuappFloating.downPage();\nheroKuappFloating.menuHome().click();\nheroKuappFloating.getUrl().should('include', 'home');\nheroKuappFloating.menuNews().click();\nheroKuappFloating.getUrl().should('include', 'news');\nheroKuappFloating.menuContact().click();\nheroKuappFloating.getUrl().should('include', 'contact');\nheroKuappFloating.menuAbout().click();\nheroKuappFloating.getUrl().should('include', 'about');",
              "err": {},
              "uuid": "2cf08ef8-978d-4e78-9758-57af3a9d5c9e",
              "parentUUID": "ba8cb365-335d-454a-90c5-dff7741f6dbe",
              "isHook": false,
              "skipped": false
            },
            {
              "title": "Validacion de olvide mi password",
              "fullTitle": "Practicando Cypress con la pagina de The internet Herokuapp Validacion de olvide mi password",
              "timedOut": null,
              "duration": 787,
              "state": "passed",
              "speed": "fast",
              "pass": true,
              "fail": false,
              "pending": false,
              "context": null,
              "code": "heroKuappForgot.navigateToPage();\nheroKuappForgot.titleValidation().should('have.text', \"Forgot Password\");\nheroKuappForgot.textBox();\nheroKuappForgot.retrieveButton().click();\nheroKuappForgot.serverLabel().should('have.text', \"Internal Server Error\");",
              "err": {},
              "uuid": "a88de9e8-b2b0-474e-8315-330d178d1332",
              "parentUUID": "ba8cb365-335d-454a-90c5-dff7741f6dbe",
              "isHook": false,
              "skipped": false
            },
            {
              "title": "Validacion de Login",
              "fullTitle": "Practicando Cypress con la pagina de The internet Herokuapp Validacion de Login",
              "timedOut": null,
              "duration": 2395,
              "state": "passed",
              "speed": "fast",
              "pass": true,
              "fail": false,
              "pending": false,
              "context": null,
              "code": "heroKuappAuth.navigateToPage();\nheroKuappAuth.titleValidation().should('have.text', \"Login Page\");\nheroKuappAuth.usernameSend();\nheroKuappAuth.passwordSend();\nheroKuappAuth.loginButton().click();\nheroKuappAuth.loginMsg().should('contain', \"You logged into a secure area!\");\nheroKuappAuth.logoutButton().click();\nheroKuappAuth.loginMsg().should('contain', \"You logged out of the secure area!\");\nheroKuappAuth.usernameWrongSend();\nheroKuappAuth.passwordSend();\nheroKuappAuth.loginButton().click();\nheroKuappAuth.loginMsg().should('contain', \"Your username is invalid!\");",
              "err": {},
              "uuid": "0eb11dec-f679-43a3-b429-ae1b7656da83",
              "parentUUID": "ba8cb365-335d-454a-90c5-dff7741f6dbe",
              "isHook": false,
              "skipped": false
            },
            {
              "title": "Validacion de Frames anidados",
              "fullTitle": "Practicando Cypress con la pagina de The internet Herokuapp Validacion de Frames anidados",
              "timedOut": null,
              "duration": 2329,
              "state": "passed",
              "speed": "fast",
              "pass": true,
              "fail": false,
              "pending": false,
              "context": null,
              "code": "heroKuappFrames.navigateToPage();\nheroKuappFrames.frameAction();",
              "err": {},
              "uuid": "c25bb463-ae9e-40b0-ab41-d10678942dd0",
              "parentUUID": "ba8cb365-335d-454a-90c5-dff7741f6dbe",
              "isHook": false,
              "skipped": false
            },
            {
              "title": "Validacion de Geolocalizacion",
              "fullTitle": "Practicando Cypress con la pagina de The internet Herokuapp Validacion de Geolocalizacion",
              "timedOut": null,
              "duration": 3191,
              "state": "passed",
              "speed": "fast",
              "pass": true,
              "fail": false,
              "pending": false,
              "context": null,
              "code": "heroKuappGeo.navigateToPage();\nheroKuappGeo.titleValidation().should('have.text', \"Geolocation\");\nheroKuappGeo.whereButton().click();\nheroKuappGeo.waitTo();\nheroKuappGeo.latitudeValue().should('contain', \"19\");\nheroKuappGeo.longitudeValue().should('contain', \"-99\");",
              "err": {},
              "uuid": "370a5958-9d67-43ce-b92c-2f3113704772",
              "parentUUID": "ba8cb365-335d-454a-90c5-dff7741f6dbe",
              "isHook": false,
              "skipped": false
            },
            {
              "title": "Validacion de Slider",
              "fullTitle": "Practicando Cypress con la pagina de The internet Herokuapp Validacion de Slider",
              "timedOut": null,
              "duration": 396,
              "state": "passed",
              "speed": "fast",
              "pass": true,
              "fail": false,
              "pending": false,
              "context": null,
              "code": "heroKuappSlider.navigateToPage();\nheroKuappSlider.titleValidation().should('have.text', \"Horizontal Slider\");\nheroKuappSlider.sliderValue().should('have.text', \"0\");\nheroKuappSlider.sliderAction().invoke('val', 0.5).trigger('change');\nheroKuappSlider.sliderValue().should('have.text', \"0.5\");\nheroKuappSlider.sliderAction().invoke('val', 1).trigger('change');\nheroKuappSlider.sliderValue().should('have.text', \"1\");\nheroKuappSlider.sliderAction().invoke('val', 1.5).trigger('change');\nheroKuappSlider.sliderValue().should('have.text', \"1.5\");\nheroKuappSlider.sliderAction().invoke('val', 2).trigger('change');\nheroKuappSlider.sliderValue().should('have.text', \"2\");\nheroKuappSlider.sliderAction().invoke('val', 2.5).trigger('change');\nheroKuappSlider.sliderValue().should('have.text', \"2.5\");\nheroKuappSlider.sliderAction().invoke('val', 3).trigger('change');\nheroKuappSlider.sliderValue().should('have.text', \"3\");\nheroKuappSlider.sliderAction().invoke('val', 3.5).trigger('change');\nheroKuappSlider.sliderValue().should('have.text', \"3.5\");\nheroKuappSlider.sliderAction().invoke('val', 4).trigger('change');\nheroKuappSlider.sliderValue().should('have.text', \"4\");\nheroKuappSlider.sliderAction().invoke('val', 4.5).trigger('change');\nheroKuappSlider.sliderValue().should('have.text', \"4.5\");\nheroKuappSlider.sliderAction().invoke('val', 5).trigger('change');\nheroKuappSlider.sliderValue().should('have.text', \"5\");",
              "err": {},
              "uuid": "0ea29845-d792-46c1-b6dc-4f9b79fe8788",
              "parentUUID": "ba8cb365-335d-454a-90c5-dff7741f6dbe",
              "isHook": false,
              "skipped": false
            },
            {
              "title": "Validacion de over elements",
              "fullTitle": "Practicando Cypress con la pagina de The internet Herokuapp Validacion de over elements",
              "timedOut": null,
              "duration": 238,
              "state": "passed",
              "speed": "fast",
              "pass": true,
              "fail": false,
              "pending": false,
              "context": null,
              "code": "heroKuappHover.navigateToPage();\nheroKuappHover.titleValidation().should('have.text', \"Hovers\");\nheroKuappHover.hiddenProfile1().should('not.be.visible').should('have.text', 'name: user1');\nheroKuappHover.hiddenProfile2().should('not.be.visible').should('have.text', 'name: user2');\nheroKuappHover.hiddenProfile3().should('not.be.visible').should('have.text', 'name: user3');",
              "err": {},
              "uuid": "6fc68afc-244c-4715-abfe-cf7bd7231fcb",
              "parentUUID": "ba8cb365-335d-454a-90c5-dff7741f6dbe",
              "isHook": false,
              "skipped": false
            },
            {
              "title": "Validacion de Inputs",
              "fullTitle": "Practicando Cypress con la pagina de The internet Herokuapp Validacion de Inputs",
              "timedOut": null,
              "duration": 3331,
              "state": "passed",
              "speed": "fast",
              "pass": true,
              "fail": false,
              "pending": false,
              "context": null,
              "code": "heroKuappInputs.navigateToPage();\nheroKuappInputs.titleValidation().should('have.text', \"Inputs\");\nheroKuappInputs.inputTexbox().should('be.visible');\nconst times = 30;\nfor (let i = 0; i < times; i++) {\n  heroKuappInputs.inputTexbox().type('{uparrow}');\n}\nfor (let i = 15; i < times; i++) {\n  heroKuappInputs.inputTexbox().type('{downarrow}');\n}",
              "err": {},
              "uuid": "febf9c37-b423-43c3-a0c7-620bf7db5bd0",
              "parentUUID": "ba8cb365-335d-454a-90c5-dff7741f6dbe",
              "isHook": false,
              "skipped": false
            },
            {
              "title": "Validacion de menu en Jquery",
              "fullTitle": "Practicando Cypress con la pagina de The internet Herokuapp Validacion de menu en Jquery",
              "timedOut": null,
              "duration": 898,
              "state": "passed",
              "speed": "fast",
              "pass": true,
              "fail": false,
              "pending": false,
              "context": null,
              "code": "heroKuappJmenu.navigateToPage();\nheroKuappJmenu.titleValidation().should('have.text', \"JQueryUI - Menu\");\nheroKuappJmenu.enableMenu().click();\nheroKuappJmenu.downloadMenu().click();\nheroKuappJmenu.excelMenu().should('be.visible').click();",
              "err": {},
              "uuid": "cc9cf1e7-8f2a-499f-b288-2e8d74d542a1",
              "parentUUID": "ba8cb365-335d-454a-90c5-dff7741f6dbe",
              "isHook": false,
              "skipped": false
            },
            {
              "title": "Validacion de Alerta simple",
              "fullTitle": "Practicando Cypress con la pagina de The internet Herokuapp Validacion de Alerta simple",
              "timedOut": null,
              "duration": 235,
              "state": "passed",
              "speed": "fast",
              "pass": true,
              "fail": false,
              "pending": false,
              "context": null,
              "code": "heroKuappAlert.navigateToPage();\nheroKuappAlert.titleValidation().should('have.text', \"JavaScript Alerts\");\nheroKuappAlert.alert1().click();\nheroKuappAlert.textOnAlert1();\nheroKuappAlert.alertResult().should('have.text', 'You successfully clicked an alert');",
              "err": {},
              "uuid": "a92f2ce3-c1bb-4d61-b39c-7da2eb14f9e0",
              "parentUUID": "ba8cb365-335d-454a-90c5-dff7741f6dbe",
              "isHook": false,
              "skipped": false
            },
            {
              "title": "Validacion de Alerta aceptada",
              "fullTitle": "Practicando Cypress con la pagina de The internet Herokuapp Validacion de Alerta aceptada",
              "timedOut": null,
              "duration": 238,
              "state": "passed",
              "speed": "fast",
              "pass": true,
              "fail": false,
              "pending": false,
              "context": null,
              "code": "heroKuappAlert.navigateToPage();\nheroKuappAlert.titleValidation().should('have.text', \"JavaScript Alerts\");\nheroKuappAlert.alert2().click();\nheroKuappAlert.textOnAlert2confirm();\nheroKuappAlert.alertResult().should('have.text', 'You clicked: Ok');",
              "err": {},
              "uuid": "b047c694-ebaa-4dad-803b-5dbe7b024ed4",
              "parentUUID": "ba8cb365-335d-454a-90c5-dff7741f6dbe",
              "isHook": false,
              "skipped": false
            },
            {
              "title": "Validacion de Alerta cancelada",
              "fullTitle": "Practicando Cypress con la pagina de The internet Herokuapp Validacion de Alerta cancelada",
              "timedOut": null,
              "duration": 215,
              "state": "passed",
              "speed": "fast",
              "pass": true,
              "fail": false,
              "pending": false,
              "context": null,
              "code": "heroKuappAlert.navigateToPage();\nheroKuappAlert.titleValidation().should('have.text', \"JavaScript Alerts\");\nheroKuappAlert.alert2().click();\nheroKuappAlert.textOnAlert2dismiss();\nheroKuappAlert.alertResult().should('have.text', 'You clicked: Cancel');",
              "err": {},
              "uuid": "81e3f461-139e-4cde-a19e-c840c794c4da",
              "parentUUID": "ba8cb365-335d-454a-90c5-dff7741f6dbe",
              "isHook": false,
              "skipped": false
            },
            {
              "title": "Validacion de Alerta prompt",
              "fullTitle": "Practicando Cypress con la pagina de The internet Herokuapp Validacion de Alerta prompt",
              "timedOut": null,
              "duration": 227,
              "state": "passed",
              "speed": "fast",
              "pass": true,
              "fail": false,
              "pending": false,
              "context": null,
              "code": "heroKuappAlert.navigateToPage();\nheroKuappAlert.titleValidation().should('have.text', \"JavaScript Alerts\");\nheroKuappAlert.textOnAlert3Prompt();\nheroKuappAlert.alert3().click();\nheroKuappAlert.alertResult().should('have.text', 'You entered: Test01');",
              "err": {},
              "uuid": "9ac1ae75-f25c-4628-b073-a95dc7109031",
              "parentUUID": "ba8cb365-335d-454a-90c5-dff7741f6dbe",
              "isHook": false,
              "skipped": false
            },
            {
              "title": "Validacion de deteccion de tecla",
              "fullTitle": "Practicando Cypress con la pagina de The internet Herokuapp Validacion de deteccion de tecla",
              "timedOut": null,
              "duration": 634,
              "state": "passed",
              "speed": "fast",
              "pass": true,
              "fail": false,
              "pending": false,
              "context": null,
              "code": "heroKuappKey.navigateToPage();\nheroKuappKey.titleValidation().should('have.text', \"Key Presses\");\nheroKuappKey.enterKey().type(\"{uparrow}\");\nheroKuappKey.resultLabel().should('have.text', \"You entered: UP\");\nheroKuappKey.enterKey().type(\"{downarrow}\");\nheroKuappKey.resultLabel().should('have.text', \"You entered: DOWN\");\nheroKuappKey.enterKey().type(\"{rightarrow}\");\nheroKuappKey.resultLabel().should('have.text', \"You entered: RIGHT\");\nheroKuappKey.enterKey().type(\"{leftarrow}\");\nheroKuappKey.resultLabel().should('have.text', \"You entered: LEFT\");\nheroKuappKey.enterKey().type(\"{esc}\");\nheroKuappKey.resultLabel().should('have.text', \"You entered: ESCAPE\");\nheroKuappKey.enterKey().type(\"{backspace}\");\nheroKuappKey.resultLabel().should('have.text', \"You entered: BACK_SPACE\");",
              "err": {},
              "uuid": "6a1dd87f-068c-4b8c-a8c0-cc42411f4a06",
              "parentUUID": "ba8cb365-335d-454a-90c5-dff7741f6dbe",
              "isHook": false,
              "skipped": false
            },
            {
              "title": "Validacion de multiples pestañas",
              "fullTitle": "Practicando Cypress con la pagina de The internet Herokuapp Validacion de multiples pestañas",
              "timedOut": null,
              "duration": 298,
              "state": "passed",
              "speed": "fast",
              "pass": true,
              "fail": false,
              "pending": false,
              "context": null,
              "code": "heroKuappMulti.navigateToPage();\nheroKuappMulti.titleValidation().should('have.text', \"Opening a new window\");\nheroKuappMulti.newTabLink().invoke(\"removeAttr\", \"target\").click();\nheroKuappMulti.titleValidation().should('have.text', \"New Window\");",
              "err": {},
              "uuid": "0151832e-87ee-4a5e-8703-0bf3e1bf30d6",
              "parentUUID": "ba8cb365-335d-454a-90c5-dff7741f6dbe",
              "isHook": false,
              "skipped": false
            },
            {
              "title": "Validacion de notificacion",
              "fullTitle": "Practicando Cypress con la pagina de The internet Herokuapp Validacion de notificacion",
              "timedOut": null,
              "duration": 664,
              "state": "passed",
              "speed": "fast",
              "pass": true,
              "fail": false,
              "pending": false,
              "context": null,
              "code": "heroKuappNoti.navigateToPage();\nheroKuappNoti.titleValidation().should('have.text', \"Notification Message\");\nheroKuappNoti.launchNoti().click();\nheroKuappNoti.notificationMsg().invoke('text').then(text => {\n  if (text.includes('success')) {\n    heroKuappNoti.notificationMsg().should('contain', \"Action successful\");\n  } else if (text.includes('unsuccess')) {\n    heroKuappNoti.notificationMsg().should('contain', \"Action unsuccessful\");\n  }\n});",
              "err": {},
              "uuid": "dc27a196-7b33-4653-a0db-7b0619b44ec5",
              "parentUUID": "ba8cb365-335d-454a-90c5-dff7741f6dbe",
              "isHook": false,
              "skipped": false
            },
            {
              "title": "Validacion de shadow DOM",
              "fullTitle": "Practicando Cypress con la pagina de The internet Herokuapp Validacion de shadow DOM",
              "timedOut": null,
              "duration": 171,
              "state": "passed",
              "speed": "fast",
              "pass": true,
              "fail": false,
              "pending": false,
              "context": null,
              "code": "heroKuappShadow.navigateToPage();\nheroKuappShadow.titleValidation().should('have.text', \"Simple template\");\nheroKuappShadow.validationLabel1().should('have.text', \"Let's have some different text!\");\nheroKuappShadow.validationLabel2().should('have.text', \"Let's have some different text!\");\nheroKuappShadow.validationLabel3().should('have.text', \"In a list!\");",
              "err": {},
              "uuid": "17c34e9f-c0ac-412f-a109-840879ce36f4",
              "parentUUID": "ba8cb365-335d-454a-90c5-dff7741f6dbe",
              "isHook": false,
              "skipped": false
            },
            {
              "title": "Validacion de tabla de datos",
              "fullTitle": "Practicando Cypress con la pagina de The internet Herokuapp Validacion de tabla de datos",
              "timedOut": null,
              "duration": 482,
              "state": "passed",
              "speed": "fast",
              "pass": true,
              "fail": false,
              "pending": false,
              "context": null,
              "code": "heroKuappTables.navigateToPage();\nheroKuappTables.titleValidation().should('have.text', \"Data Tables\");\nheroKuappTables.sortLastnames().click();\nheroKuappTables.firstNameValidation().should('have.text', 'Bach');\nheroKuappTables.sortDue().click().click();\nheroKuappTables.dueValidation().should('have.text', '$100.00');",
              "err": {},
              "uuid": "0f3f0b07-8ae7-4f4d-8086-9dc932fff533",
              "parentUUID": "ba8cb365-335d-454a-90c5-dff7741f6dbe",
              "isHook": false,
              "skipped": false
            }
          ],
          "suites": [],
          "passes": [
            "cf5a84d4-9353-4200-94d6-3965722373dc",
            "cc46f438-dbda-4eeb-8860-af1d0ae0e5d4",
            "15db452e-1ed5-4aa8-ad97-9a7248e54e3a",
            "ee71be80-2f22-4d53-aba3-1723bc505000",
            "24ea16a0-7a52-463b-8b36-cb0a3b31ad9c",
            "19a58b21-d566-4b3b-a880-c76aa033e6eb",
            "b4fb1ab2-994f-4db6-bd8a-3599af73fb38",
            "a7730663-239a-492f-8526-1ded558641f6",
            "73a82db6-d6bc-40d9-b603-fe0c4a33940d",
            "21814147-73d0-4af3-a9c0-158c6235a8fe",
            "ae0f1bb9-45b8-4ae2-8d1e-ce34856a5811",
            "2cf08ef8-978d-4e78-9758-57af3a9d5c9e",
            "a88de9e8-b2b0-474e-8315-330d178d1332",
            "0eb11dec-f679-43a3-b429-ae1b7656da83",
            "c25bb463-ae9e-40b0-ab41-d10678942dd0",
            "370a5958-9d67-43ce-b92c-2f3113704772",
            "0ea29845-d792-46c1-b6dc-4f9b79fe8788",
            "6fc68afc-244c-4715-abfe-cf7bd7231fcb",
            "febf9c37-b423-43c3-a0c7-620bf7db5bd0",
            "cc9cf1e7-8f2a-499f-b288-2e8d74d542a1",
            "a92f2ce3-c1bb-4d61-b39c-7da2eb14f9e0",
            "b047c694-ebaa-4dad-803b-5dbe7b024ed4",
            "81e3f461-139e-4cde-a19e-c840c794c4da",
            "9ac1ae75-f25c-4628-b073-a95dc7109031",
            "6a1dd87f-068c-4b8c-a8c0-cc42411f4a06",
            "0151832e-87ee-4a5e-8703-0bf3e1bf30d6",
            "dc27a196-7b33-4653-a0db-7b0619b44ec5",
            "17c34e9f-c0ac-412f-a109-840879ce36f4",
            "0f3f0b07-8ae7-4f4d-8086-9dc932fff533"
          ],
          "failures": [
            "03d1bcb4-057c-4c05-9268-e940608ff89b"
          ],
          "pending": [],
          "skipped": [],
          "duration": 38183,
          "root": false,
          "rootEmpty": false,
          "_timeout": 2000
        }
      ],
      "passes": [],
      "failures": [],
      "pending": [],
      "skipped": [],
      "duration": 0,
      "root": true,
      "rootEmpty": true,
      "_timeout": 2000
    }
  ],
  "meta": {
    "mocha": {
      "version": "7.2.0"
    },
    "mochawesome": {
      "options": {
        "quiet": false,
        "reportFilename": "mochawesome",
        "saveHtml": true,
        "saveJson": true,
        "consoleReporter": "spec",
        "useInlineDiffs": false,
        "code": true
      },
      "version": "7.1.3"
    },
    "marge": {
      "options": {
        "charts": true,
        "overwrite": false,
        "embeddedScreenshots": true
      },
      "version": "6.2.0"
    }
  }
}