{
  "stats": {
    "suites": 1,
    "tests": 20,
    "passes": 20,
    "pending": 0,
    "failures": 0,
    "start": "2025-06-11T23:55:57.198Z",
    "end": "2025-06-11T23:56:56.532Z",
    "duration": 59334,
    "testsRegistered": 20,
    "passPercent": 100,
    "pendingPercent": 0,
    "other": 0,
    "hasOther": false,
    "skipped": 0,
    "hasSkipped": false
  },
  "results": [
    {
      "uuid": "b14b1397-b177-43ce-b9c2-b6286733ac56",
      "title": "",
      "fullFile": "cypress\\e2e\\TheInternetPractice\\TheInternetSteps.cy.js",
      "file": "cypress\\e2e\\TheInternetPractice\\TheInternetSteps.cy.js",
      "beforeHooks": [],
      "afterHooks": [],
      "tests": [],
      "suites": [
        {
          "uuid": "cb9ab39c-f507-4ae8-8985-439f423d2bb8",
          "title": "Practicando Cypress con la pagina de The internet Herokuapp",
          "fullFile": "",
          "file": "",
          "beforeHooks": [],
          "afterHooks": [],
          "tests": [
            {
              "title": "Validacion de un texto",
              "fullTitle": "Practicando Cypress con la pagina de The internet Herokuapp Validacion de un texto",
              "timedOut": null,
              "duration": 1021,
              "state": "passed",
              "speed": "fast",
              "pass": true,
              "fail": false,
              "pending": false,
              "context": null,
              "code": "heroKuappText.navigateToPage();\nheroKuappText.textToValidate().should('have.text', \"\\n    Also known as split testing. This is a way in which businesses are able to simultaneously test and learn different versions of a page to see which text and/or functionality works best towards a desired outcome (e.g. a user action such as a click-through).\");",
              "err": {},
              "uuid": "a9a9c1b3-06a9-4268-b530-0a71458548d3",
              "parentUUID": "cb9ab39c-f507-4ae8-8985-439f423d2bb8",
              "isHook": false,
              "skipped": false
            },
            {
              "title": "Validacion de agregar y eliminar un elemento",
              "fullTitle": "Practicando Cypress con la pagina de The internet Herokuapp Validacion de agregar y eliminar un elemento",
              "timedOut": null,
              "duration": 546,
              "state": "passed",
              "speed": "fast",
              "pass": true,
              "fail": false,
              "pending": false,
              "context": null,
              "code": "heroKuappAddRemove.navigateToPage();\nheroKuappAddRemove.titleValidation().should('have.text', \"Add/Remove Elements\");\nheroKuappAddRemove.addElementButton().click();\nheroKuappAddRemove.deleteElementButton().should('be.visible');\nheroKuappAddRemove.deleteElementButton().click();\nheroKuappAddRemove.deleteElementButton().should('not.exist');",
              "err": {},
              "uuid": "11c06b88-4f89-413f-b869-ea11c444cb33",
              "parentUUID": "cb9ab39c-f507-4ae8-8985-439f423d2bb8",
              "isHook": false,
              "skipped": false
            },
            {
              "title": "Validacion de imagenes rotas",
              "fullTitle": "Practicando Cypress con la pagina de The internet Herokuapp Validacion de imagenes rotas",
              "timedOut": null,
              "duration": 1285,
              "state": "passed",
              "speed": "fast",
              "pass": true,
              "fail": false,
              "pending": false,
              "context": null,
              "code": "heroKuappBroken.navigateToPage();\nheroKuappBroken.titleValidation().should('have.text', \"Broken Images\");\ncy.request({\n  url: \"https://the-internet.herokuapp.com/asdf.jpg\",\n  failOnStatusCode: false\n}).then(respuesta => {\n  expect(respuesta.status).to.eq(404);\n});\ncy.request({\n  url: \"https://the-internet.herokuapp.com/hjkl.jpg\",\n  failOnStatusCode: false\n}).then(respuesta => {\n  expect(respuesta.status).to.eq(404);\n});\ncy.request({\n  url: \"https://the-internet.herokuapp.com/img/avatar-blank.jpg\",\n  failOnStatusCode: false\n}).then(respuesta => {\n  expect(respuesta.status).to.eq(200);\n});",
              "err": {},
              "uuid": "75a5dd15-fd58-4765-b94f-3bfc8df4897c",
              "parentUUID": "cb9ab39c-f507-4ae8-8985-439f423d2bb8",
              "isHook": false,
              "skipped": false
            },
            {
              "title": "Validacion de checkbox",
              "fullTitle": "Practicando Cypress con la pagina de The internet Herokuapp Validacion de checkbox",
              "timedOut": null,
              "duration": 924,
              "state": "passed",
              "speed": "fast",
              "pass": true,
              "fail": false,
              "pending": false,
              "context": null,
              "code": "heroKuappCheckbox.navigateToPage();\nheroKuappCheckbox.titleValidation().should('have.text', \"Checkboxes\");\nheroKuappCheckbox.checkBox1().should('not.be.checked');\nheroKuappCheckbox.checkBox2().should('be.checked');\nheroKuappCheckbox.checkBox1().check().uncheck().check();\nheroKuappCheckbox.checkBox2().uncheck().check().uncheck();\nheroKuappCheckbox.checkBox1().should('be.checked');\nheroKuappCheckbox.checkBox2().should('not.be.checked');",
              "err": {},
              "uuid": "8a9135a0-d7da-41f9-b4b6-01b68ceb0ec9",
              "parentUUID": "cb9ab39c-f507-4ae8-8985-439f423d2bb8",
              "isHook": false,
              "skipped": false
            },
            {
              "title": "Validacion de clic derecho",
              "fullTitle": "Practicando Cypress con la pagina de The internet Herokuapp Validacion de clic derecho",
              "timedOut": null,
              "duration": 448,
              "state": "passed",
              "speed": "fast",
              "pass": true,
              "fail": false,
              "pending": false,
              "context": null,
              "code": "heroKuappRightClic.navigateToPage();\nheroKuappRightClic.titleValidation().should('have.text', \"Context Menu\");\nheroKuappRightClic.rightClickArea().rightclick();\ncy.on(\"window:confirm\", t => {\n  expect(t).to.equal(\"You selected a context menu\");\n});\nheroKuappRightClic.titleValidation().should('have.text', \"Context Menu\");",
              "err": {},
              "uuid": "8b017ce6-fd91-42ba-99a8-2852b6560666",
              "parentUUID": "cb9ab39c-f507-4ae8-8985-439f423d2bb8",
              "isHook": false,
              "skipped": false
            },
            {
              "title": "Validacion de arrastrar y soltar",
              "fullTitle": "Practicando Cypress con la pagina de The internet Herokuapp Validacion de arrastrar y soltar",
              "timedOut": null,
              "duration": 822,
              "state": "passed",
              "speed": "fast",
              "pass": true,
              "fail": false,
              "pending": false,
              "context": null,
              "code": "heroKuappDragDrop.navigateToPage();\nheroKuappDragDrop.titleValidation().should('have.text', \"Drag and Drop\");\nheroKuappDragDrop.dragDropElements();",
              "err": {},
              "uuid": "697550ae-857c-44b4-8c28-16c24b652bf7",
              "parentUUID": "cb9ab39c-f507-4ae8-8985-439f423d2bb8",
              "isHook": false,
              "skipped": false
            },
            {
              "title": "Validacion de Dropdown",
              "fullTitle": "Practicando Cypress con la pagina de The internet Herokuapp Validacion de Dropdown",
              "timedOut": null,
              "duration": 825,
              "state": "passed",
              "speed": "fast",
              "pass": true,
              "fail": false,
              "pending": false,
              "context": null,
              "code": "heroKuappDropdown.navigateToPage();\nheroKuappDropdown.titleValidation().should('have.text', \"Dropdown List\");\nheroKuappDropdown.dropdownAction();\nheroKuappDropdown.dropdownSelect1();\nheroKuappDropdown.dropdownAction();\nheroKuappDropdown.dropdownSelect2();\nheroKuappDropdown.dropdownValidation().should('have.value', '2');",
              "err": {},
              "uuid": "2bef5a3a-df1e-42a1-8d12-8841e7800640",
              "parentUUID": "cb9ab39c-f507-4ae8-8985-439f423d2bb8",
              "isHook": false,
              "skipped": false
            },
            {
              "title": "Validacion de elementos dinamicos",
              "fullTitle": "Practicando Cypress con la pagina de The internet Herokuapp Validacion de elementos dinamicos",
              "timedOut": null,
              "duration": 13010,
              "state": "passed",
              "speed": "slow",
              "pass": true,
              "fail": false,
              "pending": false,
              "context": null,
              "code": "heroKuappDynamicElement.navigateToPage();\nheroKuappDynamicElement.titleValidation().should('have.text', \"Dynamic Controls\");\nheroKuappDynamicElement.checkbox().should('not.be.checked').check();\nheroKuappDynamicElement.addRemoveButton().click();\nheroKuappDynamicElement.messageLabel().should('have.text', \"It's gone!\");\nheroKuappDynamicElement.checkbox().should('not.exist');\nheroKuappDynamicElement.addRemoveButton().click();\nheroKuappDynamicElement.messageLabel().should('have.text', \"It's back!\");\nheroKuappDynamicElement.textBox().should('be.disabled');\nheroKuappDynamicElement.enableDisableButton().click();\nheroKuappDynamicElement.messageLabel().should('have.text', \"It's enabled!\");\nheroKuappDynamicElement.textBox().should('be.enabled');\nheroKuappDynamicElement.enableDisableButton().click();\nheroKuappDynamicElement.messageLabel().should('have.text', \"It's disabled!\");",
              "err": {},
              "uuid": "e69bd008-6c69-4ef8-80e0-cc9378c4d249",
              "parentUUID": "cb9ab39c-f507-4ae8-8985-439f423d2bb8",
              "isHook": false,
              "skipped": false
            },
            {
              "title": "Validacion de barra de carga",
              "fullTitle": "Practicando Cypress con la pagina de The internet Herokuapp Validacion de barra de carga",
              "timedOut": null,
              "duration": 730,
              "state": "passed",
              "speed": "fast",
              "pass": true,
              "fail": false,
              "pending": false,
              "context": null,
              "code": "heroKuappLoading.navigateToPage();\nheroKuappLoading.titleValidation().should('have.text', \"Dynamically Loaded Page Elements\");\nheroKuappLoading.startButton().click();\nheroKuappLoading.messageLabel().should('have.text', \"Hello World!\");",
              "err": {},
              "uuid": "44b58b13-746d-4798-8ce5-82af7b4ab2de",
              "parentUUID": "cb9ab39c-f507-4ae8-8985-439f423d2bb8",
              "isHook": false,
              "skipped": false
            },
            {
              "title": "Validacion de manejo de comercial",
              "fullTitle": "Practicando Cypress con la pagina de The internet Herokuapp Validacion de manejo de comercial",
              "timedOut": null,
              "duration": 3068,
              "state": "passed",
              "speed": "fast",
              "pass": true,
              "fail": false,
              "pending": false,
              "context": null,
              "code": "heroKuappEntryAd.navigateToPage();\nheroKuappEntryAd.closeAdButton().click();\nheroKuappEntryAd.waitTo();\nheroKuappEntryAd.titleValidation().should('have.text', \"Entry Ad\");",
              "err": {},
              "uuid": "1368d348-81e8-460c-ae38-d407751bfc8f",
              "parentUUID": "cb9ab39c-f507-4ae8-8985-439f423d2bb8",
              "isHook": false,
              "skipped": false
            },
            {
              "title": "Validacion de descarga de archivo",
              "fullTitle": "Practicando Cypress con la pagina de The internet Herokuapp Validacion de descarga de archivo",
              "timedOut": null,
              "duration": 743,
              "state": "passed",
              "speed": "fast",
              "pass": true,
              "fail": false,
              "pending": false,
              "context": null,
              "code": "heroKuappDownload.navigateToPage();\nheroKuappDownload.titleValidation().should('have.text', \"File Downloader\");\nheroKuappDownload.downloadLink().click();",
              "err": {},
              "uuid": "939bbc1b-97a0-44fa-b148-daaf0360e97e",
              "parentUUID": "cb9ab39c-f507-4ae8-8985-439f423d2bb8",
              "isHook": false,
              "skipped": false
            },
            {
              "title": "Validacion de cargar un archivo",
              "fullTitle": "Practicando Cypress con la pagina de The internet Herokuapp Validacion de cargar un archivo",
              "timedOut": null,
              "duration": 662,
              "state": "passed",
              "speed": "fast",
              "pass": true,
              "fail": false,
              "pending": false,
              "context": null,
              "code": "heroKuappUpload.navigateToPage();\nheroKuappUpload.titleValidation().should('have.text', \"File Uploader\");\nheroKuappUpload.loadButton().selectFile('E:/Users/10053902/Desktop/Test.txt');\nheroKuappUpload.uploadButton().click();\nheroKuappUpload.titleValidation().should('have.text', \"File Uploaded!\");",
              "err": {},
              "uuid": "8541b6bb-857f-4899-858e-256d051223dd",
              "parentUUID": "cb9ab39c-f507-4ae8-8985-439f423d2bb8",
              "isHook": false,
              "skipped": false
            },
            {
              "title": "Validacion de menu flotante",
              "fullTitle": "Practicando Cypress con la pagina de The internet Herokuapp Validacion de menu flotante",
              "timedOut": null,
              "duration": 604,
              "state": "passed",
              "speed": "fast",
              "pass": true,
              "fail": false,
              "pending": false,
              "context": null,
              "code": "heroKuappFloating.navigateToPage();\nheroKuappFloating.titleValidation().should('have.text', \"Floating Menu\");\nheroKuappFloating.downPage();\nheroKuappFloating.menuHome().click();\nheroKuappFloating.getUrl().should('include', 'home');\nheroKuappFloating.menuNews().click();\nheroKuappFloating.getUrl().should('include', 'news');\nheroKuappFloating.menuContact().click();\nheroKuappFloating.getUrl().should('include', 'contact');\nheroKuappFloating.menuAbout().click();\nheroKuappFloating.getUrl().should('include', 'about');",
              "err": {},
              "uuid": "1103772e-9d8b-4ea3-80f4-68311dfec16b",
              "parentUUID": "cb9ab39c-f507-4ae8-8985-439f423d2bb8",
              "isHook": false,
              "skipped": false
            },
            {
              "title": "Validacion de olvide mi password",
              "fullTitle": "Practicando Cypress con la pagina de The internet Herokuapp Validacion de olvide mi password",
              "timedOut": null,
              "duration": 946,
              "state": "passed",
              "speed": "fast",
              "pass": true,
              "fail": false,
              "pending": false,
              "context": null,
              "code": "heroKuappForgot.navigateToPage();\nheroKuappForgot.titleValidation().should('have.text', \"Forgot Password\");\nheroKuappForgot.textBox();\nheroKuappForgot.retrieveButton().click();\nheroKuappForgot.serverLabel().should('have.text', \"Internal Server Error\");",
              "err": {},
              "uuid": "29876398-c6a8-43a1-ae8b-a84a241270d2",
              "parentUUID": "cb9ab39c-f507-4ae8-8985-439f423d2bb8",
              "isHook": false,
              "skipped": false
            },
            {
              "title": "Validacion de Login",
              "fullTitle": "Practicando Cypress con la pagina de The internet Herokuapp Validacion de Login",
              "timedOut": null,
              "duration": 7203,
              "state": "passed",
              "speed": "medium",
              "pass": true,
              "fail": false,
              "pending": false,
              "context": null,
              "code": "heroKuappAuth.navigateToPage();\nheroKuappAuth.titleValidation().should('have.text', \"Login Page\");\nheroKuappAuth.usernameSend();\nheroKuappAuth.passwordSend();\nheroKuappAuth.loginButton().click();\nheroKuappAuth.loginMsg().should('contain', \"You logged into a secure area!\");\nheroKuappAuth.logoutButton().click();\nheroKuappAuth.loginMsg().should('contain', \"You logged out of the secure area!\");\nheroKuappAuth.usernameWrongSend();\nheroKuappAuth.passwordSend();\nheroKuappAuth.loginButton().click();\nheroKuappAuth.loginMsg().should('contain', \"Your username is invalid!\");",
              "err": {},
              "uuid": "3487250e-a0e0-4f37-991d-3b0d3b2f03f4",
              "parentUUID": "cb9ab39c-f507-4ae8-8985-439f423d2bb8",
              "isHook": false,
              "skipped": false
            },
            {
              "title": "Validacion de Frames anidados",
              "fullTitle": "Practicando Cypress con la pagina de The internet Herokuapp Validacion de Frames anidados",
              "timedOut": null,
              "duration": 4780,
              "state": "passed",
              "speed": "fast",
              "pass": true,
              "fail": false,
              "pending": false,
              "context": null,
              "code": "heroKuappFrames.navigateToPage();\nheroKuappFrames.frameAction();",
              "err": {},
              "uuid": "d6b07b85-5d94-4dd0-b23e-0ae295d291b6",
              "parentUUID": "cb9ab39c-f507-4ae8-8985-439f423d2bb8",
              "isHook": false,
              "skipped": false
            },
            {
              "title": "Validacion de Geolocalizacion",
              "fullTitle": "Practicando Cypress con la pagina de The internet Herokuapp Validacion de Geolocalizacion",
              "timedOut": null,
              "duration": 3952,
              "state": "passed",
              "speed": "fast",
              "pass": true,
              "fail": false,
              "pending": false,
              "context": null,
              "code": "heroKuappGeo.navigateToPage();\nheroKuappGeo.titleValidation().should('have.text', \"Geolocation\");\nheroKuappGeo.whereButton().click();\nheroKuappGeo.waitTo();\nheroKuappGeo.latitudeValue().should('contain', \"19\");\nheroKuappGeo.longitudeValue().should('contain', \"-99\");",
              "err": {},
              "uuid": "0f8451c3-000b-4e24-b7a7-3bf76e9c095b",
              "parentUUID": "cb9ab39c-f507-4ae8-8985-439f423d2bb8",
              "isHook": false,
              "skipped": false
            },
            {
              "title": "Validacion de Slider",
              "fullTitle": "Practicando Cypress con la pagina de The internet Herokuapp Validacion de Slider",
              "timedOut": null,
              "duration": 1001,
              "state": "passed",
              "speed": "fast",
              "pass": true,
              "fail": false,
              "pending": false,
              "context": null,
              "code": "heroKuappSlider.navigateToPage();\nheroKuappSlider.titleValidation().should('have.text', \"Horizontal Slider\");\nheroKuappSlider.sliderValue().should('have.text', \"0\");\nheroKuappSlider.sliderAction().invoke('val', 0.5).trigger('change');\nheroKuappSlider.sliderValue().should('have.text', \"0.5\");\nheroKuappSlider.sliderAction().invoke('val', 1).trigger('change');\nheroKuappSlider.sliderValue().should('have.text', \"1\");\nheroKuappSlider.sliderAction().invoke('val', 1.5).trigger('change');\nheroKuappSlider.sliderValue().should('have.text', \"1.5\");\nheroKuappSlider.sliderAction().invoke('val', 2).trigger('change');\nheroKuappSlider.sliderValue().should('have.text', \"2\");\nheroKuappSlider.sliderAction().invoke('val', 2.5).trigger('change');\nheroKuappSlider.sliderValue().should('have.text', \"2.5\");\nheroKuappSlider.sliderAction().invoke('val', 3).trigger('change');\nheroKuappSlider.sliderValue().should('have.text', \"3\");\nheroKuappSlider.sliderAction().invoke('val', 3.5).trigger('change');\nheroKuappSlider.sliderValue().should('have.text', \"3.5\");\nheroKuappSlider.sliderAction().invoke('val', 4).trigger('change');\nheroKuappSlider.sliderValue().should('have.text', \"4\");\nheroKuappSlider.sliderAction().invoke('val', 4.5).trigger('change');\nheroKuappSlider.sliderValue().should('have.text', \"4.5\");\nheroKuappSlider.sliderAction().invoke('val', 5).trigger('change');\nheroKuappSlider.sliderValue().should('have.text', \"5\");",
              "err": {},
              "uuid": "7dab7224-a90b-4ab3-ae61-957ced572718",
              "parentUUID": "cb9ab39c-f507-4ae8-8985-439f423d2bb8",
              "isHook": false,
              "skipped": false
            },
            {
              "title": "Validacion de over elements",
              "fullTitle": "Practicando Cypress con la pagina de The internet Herokuapp Validacion de over elements",
              "timedOut": null,
              "duration": 471,
              "state": "passed",
              "speed": "fast",
              "pass": true,
              "fail": false,
              "pending": false,
              "context": null,
              "code": "heroKuappHover.navigateToPage();\nheroKuappHover.titleValidation().should('have.text', \"Hovers\");\nheroKuappHover.hiddenProfile1().should('not.be.visible').should('have.text', 'name: user1');\nheroKuappHover.hiddenProfile2().should('not.be.visible').should('have.text', 'name: user2');\nheroKuappHover.hiddenProfile3().should('not.be.visible').should('have.text', 'name: user3');",
              "err": {},
              "uuid": "091a5351-b141-4f43-8817-8e4b8623d1aa",
              "parentUUID": "cb9ab39c-f507-4ae8-8985-439f423d2bb8",
              "isHook": false,
              "skipped": false
            },
            {
              "title": "Validacion de Inputs",
              "fullTitle": "Practicando Cypress con la pagina de The internet Herokuapp Validacion de Inputs",
              "timedOut": null,
              "duration": 4752,
              "state": "passed",
              "speed": "fast",
              "pass": true,
              "fail": false,
              "pending": false,
              "context": null,
              "code": "heroKuappInputs.navigateToPage();\nheroKuappInputs.titleValidation().should('have.text', \"Inputs\");\nheroKuappInputs.inputTexbox().should('be.visible');\nconst times = 30;\nfor (let i = 0; i < times; i++) {\n  heroKuappInputs.inputTexbox().type('{uparrow}');\n}\nfor (let i = 15; i < times; i++) {\n  heroKuappInputs.inputTexbox().type('{downarrow}');\n}",
              "err": {},
              "uuid": "d3ac316a-113c-446c-80ba-3780d35425cb",
              "parentUUID": "cb9ab39c-f507-4ae8-8985-439f423d2bb8",
              "isHook": false,
              "skipped": false
            }
          ],
          "suites": [],
          "passes": [
            "a9a9c1b3-06a9-4268-b530-0a71458548d3",
            "11c06b88-4f89-413f-b869-ea11c444cb33",
            "75a5dd15-fd58-4765-b94f-3bfc8df4897c",
            "8a9135a0-d7da-41f9-b4b6-01b68ceb0ec9",
            "8b017ce6-fd91-42ba-99a8-2852b6560666",
            "697550ae-857c-44b4-8c28-16c24b652bf7",
            "2bef5a3a-df1e-42a1-8d12-8841e7800640",
            "e69bd008-6c69-4ef8-80e0-cc9378c4d249",
            "44b58b13-746d-4798-8ce5-82af7b4ab2de",
            "1368d348-81e8-460c-ae38-d407751bfc8f",
            "939bbc1b-97a0-44fa-b148-daaf0360e97e",
            "8541b6bb-857f-4899-858e-256d051223dd",
            "1103772e-9d8b-4ea3-80f4-68311dfec16b",
            "29876398-c6a8-43a1-ae8b-a84a241270d2",
            "3487250e-a0e0-4f37-991d-3b0d3b2f03f4",
            "d6b07b85-5d94-4dd0-b23e-0ae295d291b6",
            "0f8451c3-000b-4e24-b7a7-3bf76e9c095b",
            "7dab7224-a90b-4ab3-ae61-957ced572718",
            "091a5351-b141-4f43-8817-8e4b8623d1aa",
            "d3ac316a-113c-446c-80ba-3780d35425cb"
          ],
          "failures": [],
          "pending": [],
          "skipped": [],
          "duration": 47793,
          "root": false,
          "rootEmpty": false,
          "_timeout": 2000
        }
      ],
      "passes": [],
      "failures": [],
      "pending": [],
      "skipped": [],
      "duration": 0,
      "root": true,
      "rootEmpty": true,
      "_timeout": 2000
    }
  ],
  "meta": {
    "mocha": {
      "version": "7.2.0"
    },
    "mochawesome": {
      "options": {
        "quiet": false,
        "reportFilename": "mochawesome",
        "saveHtml": true,
        "saveJson": true,
        "consoleReporter": "spec",
        "useInlineDiffs": false,
        "code": true
      },
      "version": "7.1.3"
    },
    "marge": {
      "options": {
        "charts": true,
        "overwrite": false,
        "embeddedScreenshots": true
      },
      "version": "6.2.0"
    }
  }
}