{
  "stats": {
    "suites": 1,
    "tests": 30,
    "passes": 29,
    "pending": 0,
    "failures": 1,
    "start": "2025-06-17T01:38:52.933Z",
    "end": "2025-06-17T01:39:36.545Z",
    "duration": 43612,
    "testsRegistered": 30,
    "passPercent": 96.66666666666667,
    "pendingPercent": 0,
    "other": 0,
    "hasOther": false,
    "skipped": 0,
    "hasSkipped": false
  },
  "results": [
    {
      "uuid": "84a61033-98b5-4497-8d7a-8debc8fca18a",
      "title": "",
      "fullFile": "cypress\\e2e\\TheInternetPractice\\TheInternetSteps.cy.js",
      "file": "cypress\\e2e\\TheInternetPractice\\TheInternetSteps.cy.js",
      "beforeHooks": [],
      "afterHooks": [],
      "tests": [],
      "suites": [
        {
          "uuid": "a6d3a3be-4634-427f-b1d9-1b234480b48c",
          "title": "Practicando Cypress con la pagina de The internet Herokuapp",
          "fullFile": "",
          "file": "",
          "beforeHooks": [],
          "afterHooks": [],
          "tests": [
            {
              "title": "Validacion de un texto",
              "fullTitle": "Practicando Cypress con la pagina de The internet Herokuapp Validacion de un texto",
              "timedOut": null,
              "duration": 937,
              "state": "passed",
              "speed": "fast",
              "pass": true,
              "fail": false,
              "pending": false,
              "context": null,
              "code": "heroKuappText.navigateToPage();\nheroKuappText.textToValidate().should('have.text', \"\\n    Also known as split testing. This is a way in which businesses are able to simultaneously test and learn different versions of a page to see which text and/or functionality works best towards a desired outcome (e.g. a user action such as a click-through).\");",
              "err": {},
              "uuid": "9c133db3-f928-424b-888c-d50494a09983",
              "parentUUID": "a6d3a3be-4634-427f-b1d9-1b234480b48c",
              "isHook": false,
              "skipped": false
            },
            {
              "title": "Validacion de agregar y eliminar un elemento",
              "fullTitle": "Practicando Cypress con la pagina de The internet Herokuapp Validacion de agregar y eliminar un elemento",
              "timedOut": null,
              "duration": 328,
              "state": "passed",
              "speed": "fast",
              "pass": true,
              "fail": false,
              "pending": false,
              "context": null,
              "code": "heroKuappAddRemove.navigateToPage();\nheroKuappAddRemove.titleValidation().should('have.text', \"Add/Remove Elements\");\nheroKuappAddRemove.addElementButton().click();\nheroKuappAddRemove.deleteElementButton().should('be.visible');\nheroKuappAddRemove.deleteElementButton().click();\nheroKuappAddRemove.deleteElementButton().should('not.exist');",
              "err": {},
              "uuid": "f2709609-85ff-4403-aa6b-92c4b2004fe7",
              "parentUUID": "a6d3a3be-4634-427f-b1d9-1b234480b48c",
              "isHook": false,
              "skipped": false
            },
            {
              "title": "Validacion de imagenes rotas",
              "fullTitle": "Practicando Cypress con la pagina de The internet Herokuapp Validacion de imagenes rotas",
              "timedOut": null,
              "duration": 537,
              "state": "passed",
              "speed": "fast",
              "pass": true,
              "fail": false,
              "pending": false,
              "context": null,
              "code": "heroKuappBroken.navigateToPage();\nheroKuappBroken.titleValidation().should('have.text', \"Broken Images\");\ncy.request({\n  url: \"https://the-internet.herokuapp.com/asdf.jpg\",\n  failOnStatusCode: false\n}).then(respuesta => {\n  expect(respuesta.status).to.eq(404);\n});\ncy.request({\n  url: \"https://the-internet.herokuapp.com/hjkl.jpg\",\n  failOnStatusCode: false\n}).then(respuesta => {\n  expect(respuesta.status).to.eq(404);\n});\ncy.request({\n  url: \"https://the-internet.herokuapp.com/img/avatar-blank.jpg\",\n  failOnStatusCode: false\n}).then(respuesta => {\n  expect(respuesta.status).to.eq(200);\n});",
              "err": {},
              "uuid": "263e9c13-49de-46cd-9551-d965f28ae18a",
              "parentUUID": "a6d3a3be-4634-427f-b1d9-1b234480b48c",
              "isHook": false,
              "skipped": false
            },
            {
              "title": "Validacion de checkbox",
              "fullTitle": "Practicando Cypress con la pagina de The internet Herokuapp Validacion de checkbox",
              "timedOut": null,
              "duration": 664,
              "state": "passed",
              "speed": "fast",
              "pass": true,
              "fail": false,
              "pending": false,
              "context": null,
              "code": "heroKuappCheckbox.navigateToPage();\nheroKuappCheckbox.titleValidation().should('have.text', \"Checkboxes\");\nheroKuappCheckbox.checkBox1().should('not.be.checked');\nheroKuappCheckbox.checkBox2().should('be.checked');\nheroKuappCheckbox.checkBox1().check().uncheck().check();\nheroKuappCheckbox.checkBox2().uncheck().check().uncheck();\nheroKuappCheckbox.checkBox1().should('be.checked');\nheroKuappCheckbox.checkBox2().should('not.be.checked');",
              "err": {},
              "uuid": "51cd8b84-9522-4886-875b-e6eda738f2e8",
              "parentUUID": "a6d3a3be-4634-427f-b1d9-1b234480b48c",
              "isHook": false,
              "skipped": false
            },
            {
              "title": "Validacion de clic derecho",
              "fullTitle": "Practicando Cypress con la pagina de The internet Herokuapp Validacion de clic derecho",
              "timedOut": null,
              "duration": 229,
              "state": "passed",
              "speed": "fast",
              "pass": true,
              "fail": false,
              "pending": false,
              "context": null,
              "code": "heroKuappRightClic.navigateToPage();\nheroKuappRightClic.titleValidation().should('have.text', \"Context Menu\");\nheroKuappRightClic.rightClickArea().rightclick();\ncy.on(\"window:confirm\", t => {\n  expect(t).to.equal(\"You selected a context menu\");\n});\nheroKuappRightClic.titleValidation().should('have.text', \"Context Menu\");",
              "err": {},
              "uuid": "22e8bfa2-789d-4764-8cf9-8180f77e613a",
              "parentUUID": "a6d3a3be-4634-427f-b1d9-1b234480b48c",
              "isHook": false,
              "skipped": false
            },
            {
              "title": "Validacion de arrastrar y soltar",
              "fullTitle": "Practicando Cypress con la pagina de The internet Herokuapp Validacion de arrastrar y soltar",
              "timedOut": null,
              "duration": 577,
              "state": "passed",
              "speed": "fast",
              "pass": true,
              "fail": false,
              "pending": false,
              "context": null,
              "code": "heroKuappDragDrop.navigateToPage();\nheroKuappDragDrop.titleValidation().should('have.text', \"Drag and Drop\");\nheroKuappDragDrop.dragDropElements();",
              "err": {},
              "uuid": "4409cee6-7b81-4507-a2c0-3c013325e999",
              "parentUUID": "a6d3a3be-4634-427f-b1d9-1b234480b48c",
              "isHook": false,
              "skipped": false
            },
            {
              "title": "Validacion de Dropdown",
              "fullTitle": "Practicando Cypress con la pagina de The internet Herokuapp Validacion de Dropdown",
              "timedOut": null,
              "duration": 425,
              "state": "passed",
              "speed": "fast",
              "pass": true,
              "fail": false,
              "pending": false,
              "context": null,
              "code": "heroKuappDropdown.navigateToPage();\nheroKuappDropdown.titleValidation().should('have.text', \"Dropdown List\");\nheroKuappDropdown.dropdownAction();\nheroKuappDropdown.dropdownSelect1();\nheroKuappDropdown.dropdownAction();\nheroKuappDropdown.dropdownSelect2();\nheroKuappDropdown.dropdownValidation().should('have.value', '2');",
              "err": {},
              "uuid": "9f162faf-3b9a-4743-9125-05b5e6210ab5",
              "parentUUID": "a6d3a3be-4634-427f-b1d9-1b234480b48c",
              "isHook": false,
              "skipped": false
            },
            {
              "title": "Validacion de elementos dinamicos",
              "fullTitle": "Practicando Cypress con la pagina de The internet Herokuapp Validacion de elementos dinamicos",
              "timedOut": null,
              "duration": 12859,
              "state": "passed",
              "speed": "slow",
              "pass": true,
              "fail": false,
              "pending": false,
              "context": null,
              "code": "heroKuappDynamicElement.navigateToPage();\nheroKuappDynamicElement.titleValidation().should('have.text', \"Dynamic Controls\");\nheroKuappDynamicElement.checkbox().should('not.be.checked').check();\nheroKuappDynamicElement.addRemoveButton().click();\nheroKuappDynamicElement.messageLabel().should('have.text', \"It's gone!\");\nheroKuappDynamicElement.checkbox().should('not.exist');\nheroKuappDynamicElement.addRemoveButton().click();\nheroKuappDynamicElement.messageLabel().should('have.text', \"It's back!\");\nheroKuappDynamicElement.textBox().should('be.disabled');\nheroKuappDynamicElement.enableDisableButton().click();\nheroKuappDynamicElement.messageLabel().should('have.text', \"It's enabled!\");\nheroKuappDynamicElement.textBox().should('be.enabled');\nheroKuappDynamicElement.enableDisableButton().click();\nheroKuappDynamicElement.messageLabel().should('have.text', \"It's disabled!\");",
              "err": {},
              "uuid": "a21ed8e3-83e0-42bf-aa0c-5a13cc0ad66a",
              "parentUUID": "a6d3a3be-4634-427f-b1d9-1b234480b48c",
              "isHook": false,
              "skipped": false
            },
            {
              "title": "Validacion de barra de carga",
              "fullTitle": "Practicando Cypress con la pagina de The internet Herokuapp Validacion de barra de carga",
              "timedOut": null,
              "duration": 552,
              "state": "passed",
              "speed": "fast",
              "pass": true,
              "fail": false,
              "pending": false,
              "context": null,
              "code": "heroKuappLoading.navigateToPage();\nheroKuappLoading.titleValidation().should('have.text', \"Dynamically Loaded Page Elements\");\nheroKuappLoading.startButton().click();\nheroKuappLoading.messageLabel().should('have.text', \"Hello World!\");",
              "err": {},
              "uuid": "5f73dc70-95b8-437e-969a-34a6a68d77e2",
              "parentUUID": "a6d3a3be-4634-427f-b1d9-1b234480b48c",
              "isHook": false,
              "skipped": false
            },
            {
              "title": "Validacion de manejo de comercial",
              "fullTitle": "Practicando Cypress con la pagina de The internet Herokuapp Validacion de manejo de comercial",
              "timedOut": null,
              "duration": 2958,
              "state": "passed",
              "speed": "fast",
              "pass": true,
              "fail": false,
              "pending": false,
              "context": null,
              "code": "heroKuappEntryAd.navigateToPage();\nheroKuappEntryAd.closeAdButton().click();\nheroKuappEntryAd.waitTo();\nheroKuappEntryAd.titleValidation().should('have.text', \"Entry Ad\");",
              "err": {},
              "uuid": "6900b3ec-91bc-48a1-bacf-2f4c9a8a604f",
              "parentUUID": "a6d3a3be-4634-427f-b1d9-1b234480b48c",
              "isHook": false,
              "skipped": false
            },
            {
              "title": "Validacion de descarga de archivo",
              "fullTitle": "Practicando Cypress con la pagina de The internet Herokuapp Validacion de descarga de archivo",
              "timedOut": null,
              "duration": 333,
              "state": "passed",
              "speed": "fast",
              "pass": true,
              "fail": false,
              "pending": false,
              "context": null,
              "code": "heroKuappDownload.navigateToPage();\nheroKuappDownload.titleValidation().should('have.text', \"File Downloader\");\nheroKuappDownload.downloadLink().click();",
              "err": {},
              "uuid": "bd7f4a59-e140-4625-94dd-bc1223b8bae6",
              "parentUUID": "a6d3a3be-4634-427f-b1d9-1b234480b48c",
              "isHook": false,
              "skipped": false
            },
            {
              "title": "Validacion de cargar un archivo",
              "fullTitle": "Practicando Cypress con la pagina de The internet Herokuapp Validacion de cargar un archivo",
              "timedOut": null,
              "duration": 564,
              "state": "failed",
              "speed": null,
              "pass": false,
              "fail": true,
              "pending": false,
              "context": null,
              "code": "heroKuappUpload.navigateToPage();\nheroKuappUpload.titleValidation().should('have.text', \"File Uploader\");\nheroKuappUpload.loadButton().selectFile('E:/Users/10053902/Desktop/Test.txt');\nheroKuappUpload.uploadButton().click();\nheroKuappUpload.titleValidation().should('have.text', \"File Uploaded!\");",
              "err": {
                "message": "CypressError: `cy.selectFile(\"E:/Users/10053902/Desktop/Test.txt\")` failed because the file does not exist at the following path:\n\n`E:\\Users\\10053902\\Desktop\\Test.txt`\n\nhttps://on.cypress.io/selectfile",
                "estack": "CypressError: `cy.selectFile(\"E:/Users/10053902/Desktop/Test.txt\")` failed because the file does not exist at the following path:\n\n`E:\\Users\\10053902\\Desktop\\Test.txt`\n\nhttps://on.cypress.io/selectfile\n    at <unknown> (https://the-internet.herokuapp.com/__cypress/runner/cypress_runner.js:115979:70)\n    at tryCatcher (https://the-internet.herokuapp.com/__cypress/runner/cypress_runner.js:1777:23)\n    at Promise._settlePromiseFromHandler (https://the-internet.herokuapp.com/__cypress/runner/cypress_runner.js:1489:31)\n    at Promise._settlePromise (https://the-internet.herokuapp.com/__cypress/runner/cypress_runner.js:1546:18)\n    at Promise._settlePromise0 (https://the-internet.herokuapp.com/__cypress/runner/cypress_runner.js:1591:10)\n    at Promise._settlePromises (https://the-internet.herokuapp.com/__cypress/runner/cypress_runner.js:1667:18)\n    at _drainQueueStep (https://the-internet.herokuapp.com/__cypress/runner/cypress_runner.js:2377:12)\n    at _drainQueue (https://the-internet.herokuapp.com/__cypress/runner/cypress_runner.js:2370:9)\n    at Async._drainQueues (https://the-internet.herokuapp.com/__cypress/runner/cypress_runner.js:2386:5)\n    at Async.drainQueues (https://the-internet.herokuapp.com/__cypress/runner/cypress_runner.js:2256:14)",
                "diff": null
              },
              "uuid": "4135c3d4-24f8-4b05-b972-62b436a51b38",
              "parentUUID": "a6d3a3be-4634-427f-b1d9-1b234480b48c",
              "isHook": false,
              "skipped": false
            },
            {
              "title": "Validacion de menu flotante",
              "fullTitle": "Practicando Cypress con la pagina de The internet Herokuapp Validacion de menu flotante",
              "timedOut": null,
              "duration": 566,
              "state": "passed",
              "speed": "fast",
              "pass": true,
              "fail": false,
              "pending": false,
              "context": null,
              "code": "heroKuappFloating.navigateToPage();\nheroKuappFloating.titleValidation().should('have.text', \"Floating Menu\");\nheroKuappFloating.downPage();\nheroKuappFloating.menuHome().click();\nheroKuappFloating.getUrl().should('include', 'home');\nheroKuappFloating.menuNews().click();\nheroKuappFloating.getUrl().should('include', 'news');\nheroKuappFloating.menuContact().click();\nheroKuappFloating.getUrl().should('include', 'contact');\nheroKuappFloating.menuAbout().click();\nheroKuappFloating.getUrl().should('include', 'about');",
              "err": {},
              "uuid": "197ad905-4776-4f76-928c-8fa5cbdb4d44",
              "parentUUID": "a6d3a3be-4634-427f-b1d9-1b234480b48c",
              "isHook": false,
              "skipped": false
            },
            {
              "title": "Validacion de olvide mi password",
              "fullTitle": "Practicando Cypress con la pagina de The internet Herokuapp Validacion de olvide mi password",
              "timedOut": null,
              "duration": 785,
              "state": "passed",
              "speed": "fast",
              "pass": true,
              "fail": false,
              "pending": false,
              "context": null,
              "code": "heroKuappForgot.navigateToPage();\nheroKuappForgot.titleValidation().should('have.text', \"Forgot Password\");\nheroKuappForgot.textBox();\nheroKuappForgot.retrieveButton().click();\nheroKuappForgot.serverLabel().should('have.text', \"Internal Server Error\");",
              "err": {},
              "uuid": "0235d7b7-f28d-4077-ba39-17bd006028eb",
              "parentUUID": "a6d3a3be-4634-427f-b1d9-1b234480b48c",
              "isHook": false,
              "skipped": false
            },
            {
              "title": "Validacion de Login",
              "fullTitle": "Practicando Cypress con la pagina de The internet Herokuapp Validacion de Login",
              "timedOut": null,
              "duration": 2334,
              "state": "passed",
              "speed": "fast",
              "pass": true,
              "fail": false,
              "pending": false,
              "context": null,
              "code": "heroKuappAuth.navigateToPage();\nheroKuappAuth.titleValidation().should('have.text', \"Login Page\");\nheroKuappAuth.usernameSend();\nheroKuappAuth.passwordSend();\nheroKuappAuth.loginButton().click();\nheroKuappAuth.loginMsg().should('contain', \"You logged into a secure area!\");\nheroKuappAuth.logoutButton().click();\nheroKuappAuth.loginMsg().should('contain', \"You logged out of the secure area!\");\nheroKuappAuth.usernameWrongSend();\nheroKuappAuth.passwordSend();\nheroKuappAuth.loginButton().click();\nheroKuappAuth.loginMsg().should('contain', \"Your username is invalid!\");",
              "err": {},
              "uuid": "5c27caef-257e-49d7-b07c-b35a2ba68cf8",
              "parentUUID": "a6d3a3be-4634-427f-b1d9-1b234480b48c",
              "isHook": false,
              "skipped": false
            },
            {
              "title": "Validacion de Frames anidados",
              "fullTitle": "Practicando Cypress con la pagina de The internet Herokuapp Validacion de Frames anidados",
              "timedOut": null,
              "duration": 2266,
              "state": "passed",
              "speed": "fast",
              "pass": true,
              "fail": false,
              "pending": false,
              "context": null,
              "code": "heroKuappFrames.navigateToPage();\nheroKuappFrames.frameAction();",
              "err": {},
              "uuid": "8b7e29eb-9ca7-4564-9fec-b909b4c2b853",
              "parentUUID": "a6d3a3be-4634-427f-b1d9-1b234480b48c",
              "isHook": false,
              "skipped": false
            },
            {
              "title": "Validacion de Geolocalizacion",
              "fullTitle": "Practicando Cypress con la pagina de The internet Herokuapp Validacion de Geolocalizacion",
              "timedOut": null,
              "duration": 3353,
              "state": "passed",
              "speed": "fast",
              "pass": true,
              "fail": false,
              "pending": false,
              "context": null,
              "code": "heroKuappGeo.navigateToPage();\nheroKuappGeo.titleValidation().should('have.text', \"Geolocation\");\nheroKuappGeo.whereButton().click();\nheroKuappGeo.waitTo();\nheroKuappGeo.latitudeValue().should('contain', \"19\");\nheroKuappGeo.longitudeValue().should('contain', \"-99\");",
              "err": {},
              "uuid": "03052114-293d-4821-8c97-8e1ee806529c",
              "parentUUID": "a6d3a3be-4634-427f-b1d9-1b234480b48c",
              "isHook": false,
              "skipped": false
            },
            {
              "title": "Validacion de Slider",
              "fullTitle": "Practicando Cypress con la pagina de The internet Herokuapp Validacion de Slider",
              "timedOut": null,
              "duration": 385,
              "state": "passed",
              "speed": "fast",
              "pass": true,
              "fail": false,
              "pending": false,
              "context": null,
              "code": "heroKuappSlider.navigateToPage();\nheroKuappSlider.titleValidation().should('have.text', \"Horizontal Slider\");\nheroKuappSlider.sliderValue().should('have.text', \"0\");\nheroKuappSlider.sliderAction().invoke('val', 0.5).trigger('change');\nheroKuappSlider.sliderValue().should('have.text', \"0.5\");\nheroKuappSlider.sliderAction().invoke('val', 1).trigger('change');\nheroKuappSlider.sliderValue().should('have.text', \"1\");\nheroKuappSlider.sliderAction().invoke('val', 1.5).trigger('change');\nheroKuappSlider.sliderValue().should('have.text', \"1.5\");\nheroKuappSlider.sliderAction().invoke('val', 2).trigger('change');\nheroKuappSlider.sliderValue().should('have.text', \"2\");\nheroKuappSlider.sliderAction().invoke('val', 2.5).trigger('change');\nheroKuappSlider.sliderValue().should('have.text', \"2.5\");\nheroKuappSlider.sliderAction().invoke('val', 3).trigger('change');\nheroKuappSlider.sliderValue().should('have.text', \"3\");\nheroKuappSlider.sliderAction().invoke('val', 3.5).trigger('change');\nheroKuappSlider.sliderValue().should('have.text', \"3.5\");\nheroKuappSlider.sliderAction().invoke('val', 4).trigger('change');\nheroKuappSlider.sliderValue().should('have.text', \"4\");\nheroKuappSlider.sliderAction().invoke('val', 4.5).trigger('change');\nheroKuappSlider.sliderValue().should('have.text', \"4.5\");\nheroKuappSlider.sliderAction().invoke('val', 5).trigger('change');\nheroKuappSlider.sliderValue().should('have.text', \"5\");",
              "err": {},
              "uuid": "f93ef2b9-426d-4080-b782-d8a03fcf1b09",
              "parentUUID": "a6d3a3be-4634-427f-b1d9-1b234480b48c",
              "isHook": false,
              "skipped": false
            },
            {
              "title": "Validacion de over elements",
              "fullTitle": "Practicando Cypress con la pagina de The internet Herokuapp Validacion de over elements",
              "timedOut": null,
              "duration": 237,
              "state": "passed",
              "speed": "fast",
              "pass": true,
              "fail": false,
              "pending": false,
              "context": null,
              "code": "heroKuappHover.navigateToPage();\nheroKuappHover.titleValidation().should('have.text', \"Hovers\");\nheroKuappHover.hiddenProfile1().should('not.be.visible').should('have.text', 'name: user1');\nheroKuappHover.hiddenProfile2().should('not.be.visible').should('have.text', 'name: user2');\nheroKuappHover.hiddenProfile3().should('not.be.visible').should('have.text', 'name: user3');",
              "err": {},
              "uuid": "a9d802f2-d7db-46af-84bd-5b6126522211",
              "parentUUID": "a6d3a3be-4634-427f-b1d9-1b234480b48c",
              "isHook": false,
              "skipped": false
            },
            {
              "title": "Validacion de Inputs",
              "fullTitle": "Practicando Cypress con la pagina de The internet Herokuapp Validacion de Inputs",
              "timedOut": null,
              "duration": 3395,
              "state": "passed",
              "speed": "fast",
              "pass": true,
              "fail": false,
              "pending": false,
              "context": null,
              "code": "heroKuappInputs.navigateToPage();\nheroKuappInputs.titleValidation().should('have.text', \"Inputs\");\nheroKuappInputs.inputTexbox().should('be.visible');\nconst times = 30;\nfor (let i = 0; i < times; i++) {\n  heroKuappInputs.inputTexbox().type('{uparrow}');\n}\nfor (let i = 15; i < times; i++) {\n  heroKuappInputs.inputTexbox().type('{downarrow}');\n}",
              "err": {},
              "uuid": "394f0bce-4cc0-42b5-9b73-478bab968c19",
              "parentUUID": "a6d3a3be-4634-427f-b1d9-1b234480b48c",
              "isHook": false,
              "skipped": false
            },
            {
              "title": "Validacion de menu en Jquery",
              "fullTitle": "Practicando Cypress con la pagina de The internet Herokuapp Validacion de menu en Jquery",
              "timedOut": null,
              "duration": 892,
              "state": "passed",
              "speed": "fast",
              "pass": true,
              "fail": false,
              "pending": false,
              "context": null,
              "code": "heroKuappJmenu.navigateToPage();\nheroKuappJmenu.titleValidation().should('have.text', \"JQueryUI - Menu\");\nheroKuappJmenu.enableMenu().click();\nheroKuappJmenu.downloadMenu().click();\nheroKuappJmenu.excelMenu().should('be.visible').click();",
              "err": {},
              "uuid": "b86a5ba0-87b7-41cf-afb9-2724d3005a7e",
              "parentUUID": "a6d3a3be-4634-427f-b1d9-1b234480b48c",
              "isHook": false,
              "skipped": false
            },
            {
              "title": "Validacion de Alerta simple",
              "fullTitle": "Practicando Cypress con la pagina de The internet Herokuapp Validacion de Alerta simple",
              "timedOut": null,
              "duration": 234,
              "state": "passed",
              "speed": "fast",
              "pass": true,
              "fail": false,
              "pending": false,
              "context": null,
              "code": "heroKuappAlert.navigateToPage();\nheroKuappAlert.titleValidation().should('have.text', \"JavaScript Alerts\");\nheroKuappAlert.alert1().click();\nheroKuappAlert.textOnAlert1();\nheroKuappAlert.alertResult().should('have.text', 'You successfully clicked an alert');",
              "err": {},
              "uuid": "49819530-ec14-46de-b8be-cebe587dd5d1",
              "parentUUID": "a6d3a3be-4634-427f-b1d9-1b234480b48c",
              "isHook": false,
              "skipped": false
            },
            {
              "title": "Validacion de Alerta aceptada",
              "fullTitle": "Practicando Cypress con la pagina de The internet Herokuapp Validacion de Alerta aceptada",
              "timedOut": null,
              "duration": 218,
              "state": "passed",
              "speed": "fast",
              "pass": true,
              "fail": false,
              "pending": false,
              "context": null,
              "code": "heroKuappAlert.navigateToPage();\nheroKuappAlert.titleValidation().should('have.text', \"JavaScript Alerts\");\nheroKuappAlert.alert2().click();\nheroKuappAlert.textOnAlert2confirm();\nheroKuappAlert.alertResult().should('have.text', 'You clicked: Ok');",
              "err": {},
              "uuid": "9720f70a-9aa0-49da-af62-9d8bbcfa41e5",
              "parentUUID": "a6d3a3be-4634-427f-b1d9-1b234480b48c",
              "isHook": false,
              "skipped": false
            },
            {
              "title": "Validacion de Alerta cancelada",
              "fullTitle": "Practicando Cypress con la pagina de The internet Herokuapp Validacion de Alerta cancelada",
              "timedOut": null,
              "duration": 220,
              "state": "passed",
              "speed": "fast",
              "pass": true,
              "fail": false,
              "pending": false,
              "context": null,
              "code": "heroKuappAlert.navigateToPage();\nheroKuappAlert.titleValidation().should('have.text', \"JavaScript Alerts\");\nheroKuappAlert.alert2().click();\nheroKuappAlert.textOnAlert2dismiss();\nheroKuappAlert.alertResult().should('have.text', 'You clicked: Cancel');",
              "err": {},
              "uuid": "31a9c2de-a63e-49b0-b668-f8829f1874e9",
              "parentUUID": "a6d3a3be-4634-427f-b1d9-1b234480b48c",
              "isHook": false,
              "skipped": false
            },
            {
              "title": "Validacion de Alerta prompt",
              "fullTitle": "Practicando Cypress con la pagina de The internet Herokuapp Validacion de Alerta prompt",
              "timedOut": null,
              "duration": 232,
              "state": "passed",
              "speed": "fast",
              "pass": true,
              "fail": false,
              "pending": false,
              "context": null,
              "code": "heroKuappAlert.navigateToPage();\nheroKuappAlert.titleValidation().should('have.text', \"JavaScript Alerts\");\nheroKuappAlert.textOnAlert3Prompt();\nheroKuappAlert.alert3().click();\nheroKuappAlert.alertResult().should('have.text', 'You entered: Test01');",
              "err": {},
              "uuid": "941e8e7c-011d-482f-92c3-5b0561ebabf0",
              "parentUUID": "a6d3a3be-4634-427f-b1d9-1b234480b48c",
              "isHook": false,
              "skipped": false
            },
            {
              "title": "Validacion de deteccion de tecla",
              "fullTitle": "Practicando Cypress con la pagina de The internet Herokuapp Validacion de deteccion de tecla",
              "timedOut": null,
              "duration": 652,
              "state": "passed",
              "speed": "fast",
              "pass": true,
              "fail": false,
              "pending": false,
              "context": null,
              "code": "heroKuappKey.navigateToPage();\nheroKuappKey.titleValidation().should('have.text', \"Key Presses\");\nheroKuappKey.enterKey().type(\"{uparrow}\");\nheroKuappKey.resultLabel().should('have.text', \"You entered: UP\");\nheroKuappKey.enterKey().type(\"{downarrow}\");\nheroKuappKey.resultLabel().should('have.text', \"You entered: DOWN\");\nheroKuappKey.enterKey().type(\"{rightarrow}\");\nheroKuappKey.resultLabel().should('have.text', \"You entered: RIGHT\");\nheroKuappKey.enterKey().type(\"{leftarrow}\");\nheroKuappKey.resultLabel().should('have.text', \"You entered: LEFT\");\nheroKuappKey.enterKey().type(\"{esc}\");\nheroKuappKey.resultLabel().should('have.text', \"You entered: ESCAPE\");\nheroKuappKey.enterKey().type(\"{backspace}\");\nheroKuappKey.resultLabel().should('have.text', \"You entered: BACK_SPACE\");",
              "err": {},
              "uuid": "223e5a1a-6003-47fa-8acc-4864a0f72bf5",
              "parentUUID": "a6d3a3be-4634-427f-b1d9-1b234480b48c",
              "isHook": false,
              "skipped": false
            },
            {
              "title": "Validacion de multiples pestañas",
              "fullTitle": "Practicando Cypress con la pagina de The internet Herokuapp Validacion de multiples pestañas",
              "timedOut": null,
              "duration": 274,
              "state": "passed",
              "speed": "fast",
              "pass": true,
              "fail": false,
              "pending": false,
              "context": null,
              "code": "heroKuappMulti.navigateToPage();\nheroKuappMulti.titleValidation().should('have.text', \"Opening a new window\");\nheroKuappMulti.newTabLink().invoke(\"removeAttr\", \"target\").click();\nheroKuappMulti.titleValidation().should('have.text', \"New Window\");",
              "err": {},
              "uuid": "fef78534-4684-4cbc-b6d9-56eadece36d5",
              "parentUUID": "a6d3a3be-4634-427f-b1d9-1b234480b48c",
              "isHook": false,
              "skipped": false
            },
            {
              "title": "Validacion de notificacion",
              "fullTitle": "Practicando Cypress con la pagina de The internet Herokuapp Validacion de notificacion",
              "timedOut": null,
              "duration": 668,
              "state": "passed",
              "speed": "fast",
              "pass": true,
              "fail": false,
              "pending": false,
              "context": null,
              "code": "heroKuappNoti.navigateToPage();\nheroKuappNoti.titleValidation().should('have.text', \"Notification Message\");\nheroKuappNoti.launchNoti().click();\nheroKuappNoti.notificationMsg().invoke('text').then(text => {\n  if (text.includes('success')) {\n    heroKuappNoti.notificationMsg().should('contain', \"Action successful\");\n  } else if (text.includes('unsuccess')) {\n    heroKuappNoti.notificationMsg().should('contain', \"Action unsuccessful\");\n  }\n});",
              "err": {},
              "uuid": "3541f411-f1c8-4f88-80db-476fc9699674",
              "parentUUID": "a6d3a3be-4634-427f-b1d9-1b234480b48c",
              "isHook": false,
              "skipped": false
            },
            {
              "title": "Validacion de shadow DOM",
              "fullTitle": "Practicando Cypress con la pagina de The internet Herokuapp Validacion de shadow DOM",
              "timedOut": null,
              "duration": 149,
              "state": "passed",
              "speed": "fast",
              "pass": true,
              "fail": false,
              "pending": false,
              "context": null,
              "code": "heroKuappShadow.navigateToPage();\nheroKuappShadow.titleValidation().should('have.text', \"Simple template\");\nheroKuappShadow.validationLabel1().should('have.text', \"Let's have some different text!\");\nheroKuappShadow.validationLabel2().should('have.text', \"Let's have some different text!\");\nheroKuappShadow.validationLabel3().should('have.text', \"In a list!\");",
              "err": {},
              "uuid": "2d30adba-7caa-4aa0-ae76-d34d30d7784d",
              "parentUUID": "a6d3a3be-4634-427f-b1d9-1b234480b48c",
              "isHook": false,
              "skipped": false
            },
            {
              "title": "Validacion de tabla de datos",
              "fullTitle": "Practicando Cypress con la pagina de The internet Herokuapp Validacion de tabla de datos",
              "timedOut": null,
              "duration": 471,
              "state": "passed",
              "speed": "fast",
              "pass": true,
              "fail": false,
              "pending": false,
              "context": null,
              "code": "heroKuappTables.navigateToPage();\nheroKuappTables.titleValidation().should('have.text', \"Data Tables\");\nheroKuappTables.sortLastnames().click();\nheroKuappTables.firstNameValidation().should('have.text', 'Bach');\nheroKuappTables.sortDue().click().click();\nheroKuappTables.dueValidation().should('have.text', '$100.00');",
              "err": {},
              "uuid": "ece102c5-4323-4108-9bb7-b18ee4123b7b",
              "parentUUID": "a6d3a3be-4634-427f-b1d9-1b234480b48c",
              "isHook": false,
              "skipped": false
            }
          ],
          "suites": [],
          "passes": [
            "9c133db3-f928-424b-888c-d50494a09983",
            "f2709609-85ff-4403-aa6b-92c4b2004fe7",
            "263e9c13-49de-46cd-9551-d965f28ae18a",
            "51cd8b84-9522-4886-875b-e6eda738f2e8",
            "22e8bfa2-789d-4764-8cf9-8180f77e613a",
            "4409cee6-7b81-4507-a2c0-3c013325e999",
            "9f162faf-3b9a-4743-9125-05b5e6210ab5",
            "a21ed8e3-83e0-42bf-aa0c-5a13cc0ad66a",
            "5f73dc70-95b8-437e-969a-34a6a68d77e2",
            "6900b3ec-91bc-48a1-bacf-2f4c9a8a604f",
            "bd7f4a59-e140-4625-94dd-bc1223b8bae6",
            "197ad905-4776-4f76-928c-8fa5cbdb4d44",
            "0235d7b7-f28d-4077-ba39-17bd006028eb",
            "5c27caef-257e-49d7-b07c-b35a2ba68cf8",
            "8b7e29eb-9ca7-4564-9fec-b909b4c2b853",
            "03052114-293d-4821-8c97-8e1ee806529c",
            "f93ef2b9-426d-4080-b782-d8a03fcf1b09",
            "a9d802f2-d7db-46af-84bd-5b6126522211",
            "394f0bce-4cc0-42b5-9b73-478bab968c19",
            "b86a5ba0-87b7-41cf-afb9-2724d3005a7e",
            "49819530-ec14-46de-b8be-cebe587dd5d1",
            "9720f70a-9aa0-49da-af62-9d8bbcfa41e5",
            "31a9c2de-a63e-49b0-b668-f8829f1874e9",
            "941e8e7c-011d-482f-92c3-5b0561ebabf0",
            "223e5a1a-6003-47fa-8acc-4864a0f72bf5",
            "fef78534-4684-4cbc-b6d9-56eadece36d5",
            "3541f411-f1c8-4f88-80db-476fc9699674",
            "2d30adba-7caa-4aa0-ae76-d34d30d7784d",
            "ece102c5-4323-4108-9bb7-b18ee4123b7b"
          ],
          "failures": [
            "4135c3d4-24f8-4b05-b972-62b436a51b38"
          ],
          "pending": [],
          "skipped": [],
          "duration": 38294,
          "root": false,
          "rootEmpty": false,
          "_timeout": 2000
        }
      ],
      "passes": [],
      "failures": [],
      "pending": [],
      "skipped": [],
      "duration": 0,
      "root": true,
      "rootEmpty": true,
      "_timeout": 2000
    }
  ],
  "meta": {
    "mocha": {
      "version": "7.2.0"
    },
    "mochawesome": {
      "options": {
        "quiet": false,
        "reportFilename": "mochawesome",
        "saveHtml": true,
        "saveJson": true,
        "consoleReporter": "spec",
        "useInlineDiffs": false,
        "code": true
      },
      "version": "7.1.3"
    },
    "marge": {
      "options": {
        "charts": true,
        "overwrite": false,
        "embeddedScreenshots": true
      },
      "version": "6.2.0"
    }
  }
}