{
  "stats": {
    "suites": 1,
    "tests": 30,
    "passes": 30,
    "pending": 0,
    "failures": 0,
    "start": "2025-06-17T01:46:08.342Z",
    "end": "2025-06-17T01:46:50.818Z",
    "duration": 42476,
    "testsRegistered": 30,
    "passPercent": 100,
    "pendingPercent": 0,
    "other": 0,
    "hasOther": false,
    "skipped": 0,
    "hasSkipped": false
  },
  "results": [
    {
      "uuid": "db57b72a-9024-4fc3-a8e8-b8124fbcc215",
      "title": "",
      "fullFile": "cypress\\e2e\\TheInternetPractice\\TheInternetSteps.cy.js",
      "file": "cypress\\e2e\\TheInternetPractice\\TheInternetSteps.cy.js",
      "beforeHooks": [],
      "afterHooks": [],
      "tests": [],
      "suites": [
        {
          "uuid": "b6de7929-be86-42e1-901f-d86f781dd029",
          "title": "Practicando Cypress con la pagina de The internet Herokuapp",
          "fullFile": "",
          "file": "",
          "beforeHooks": [],
          "afterHooks": [],
          "tests": [
            {
              "title": "Validacion de un texto",
              "fullTitle": "Practicando Cypress con la pagina de The internet Herokuapp Validacion de un texto",
              "timedOut": null,
              "duration": 884,
              "state": "passed",
              "speed": "fast",
              "pass": true,
              "fail": false,
              "pending": false,
              "context": null,
              "code": "heroKuappText.navigateToPage();\nheroKuappText.textToValidate().should('have.text', \"\\n    Also known as split testing. This is a way in which businesses are able to simultaneously test and learn different versions of a page to see which text and/or functionality works best towards a desired outcome (e.g. a user action such as a click-through).\");",
              "err": {},
              "uuid": "bed1baa1-9bf3-42b7-bb07-0a085d193adf",
              "parentUUID": "b6de7929-be86-42e1-901f-d86f781dd029",
              "isHook": false,
              "skipped": false
            },
            {
              "title": "Validacion de agregar y eliminar un elemento",
              "fullTitle": "Practicando Cypress con la pagina de The internet Herokuapp Validacion de agregar y eliminar un elemento",
              "timedOut": null,
              "duration": 320,
              "state": "passed",
              "speed": "fast",
              "pass": true,
              "fail": false,
              "pending": false,
              "context": null,
              "code": "heroKuappAddRemove.navigateToPage();\nheroKuappAddRemove.titleValidation().should('have.text', \"Add/Remove Elements\");\nheroKuappAddRemove.addElementButton().click();\nheroKuappAddRemove.deleteElementButton().should('be.visible');\nheroKuappAddRemove.deleteElementButton().click();\nheroKuappAddRemove.deleteElementButton().should('not.exist');",
              "err": {},
              "uuid": "5caca23c-09c0-4501-934d-6e68fc1a037d",
              "parentUUID": "b6de7929-be86-42e1-901f-d86f781dd029",
              "isHook": false,
              "skipped": false
            },
            {
              "title": "Validacion de imagenes rotas",
              "fullTitle": "Practicando Cypress con la pagina de The internet Herokuapp Validacion de imagenes rotas",
              "timedOut": null,
              "duration": 514,
              "state": "passed",
              "speed": "fast",
              "pass": true,
              "fail": false,
              "pending": false,
              "context": null,
              "code": "heroKuappBroken.navigateToPage();\nheroKuappBroken.titleValidation().should('have.text', \"Broken Images\");\ncy.request({\n  url: \"https://the-internet.herokuapp.com/asdf.jpg\",\n  failOnStatusCode: false\n}).then(respuesta => {\n  expect(respuesta.status).to.eq(404);\n});\ncy.request({\n  url: \"https://the-internet.herokuapp.com/hjkl.jpg\",\n  failOnStatusCode: false\n}).then(respuesta => {\n  expect(respuesta.status).to.eq(404);\n});\ncy.request({\n  url: \"https://the-internet.herokuapp.com/img/avatar-blank.jpg\",\n  failOnStatusCode: false\n}).then(respuesta => {\n  expect(respuesta.status).to.eq(200);\n});",
              "err": {},
              "uuid": "6f2e2841-b7a3-4501-9b7f-220a65c30383",
              "parentUUID": "b6de7929-be86-42e1-901f-d86f781dd029",
              "isHook": false,
              "skipped": false
            },
            {
              "title": "Validacion de checkbox",
              "fullTitle": "Practicando Cypress con la pagina de The internet Herokuapp Validacion de checkbox",
              "timedOut": null,
              "duration": 649,
              "state": "passed",
              "speed": "fast",
              "pass": true,
              "fail": false,
              "pending": false,
              "context": null,
              "code": "heroKuappCheckbox.navigateToPage();\nheroKuappCheckbox.titleValidation().should('have.text', \"Checkboxes\");\nheroKuappCheckbox.checkBox1().should('not.be.checked');\nheroKuappCheckbox.checkBox2().should('be.checked');\nheroKuappCheckbox.checkBox1().check().uncheck().check();\nheroKuappCheckbox.checkBox2().uncheck().check().uncheck();\nheroKuappCheckbox.checkBox1().should('be.checked');\nheroKuappCheckbox.checkBox2().should('not.be.checked');",
              "err": {},
              "uuid": "d99b3b7b-977b-43f0-9f8d-504be2543048",
              "parentUUID": "b6de7929-be86-42e1-901f-d86f781dd029",
              "isHook": false,
              "skipped": false
            },
            {
              "title": "Validacion de clic derecho",
              "fullTitle": "Practicando Cypress con la pagina de The internet Herokuapp Validacion de clic derecho",
              "timedOut": null,
              "duration": 230,
              "state": "passed",
              "speed": "fast",
              "pass": true,
              "fail": false,
              "pending": false,
              "context": null,
              "code": "heroKuappRightClic.navigateToPage();\nheroKuappRightClic.titleValidation().should('have.text', \"Context Menu\");\nheroKuappRightClic.rightClickArea().rightclick();\ncy.on(\"window:confirm\", t => {\n  expect(t).to.equal(\"You selected a context menu\");\n});\nheroKuappRightClic.titleValidation().should('have.text', \"Context Menu\");",
              "err": {},
              "uuid": "351bfb40-b0a2-4878-8ffb-40c96f8c068a",
              "parentUUID": "b6de7929-be86-42e1-901f-d86f781dd029",
              "isHook": false,
              "skipped": false
            },
            {
              "title": "Validacion de arrastrar y soltar",
              "fullTitle": "Practicando Cypress con la pagina de The internet Herokuapp Validacion de arrastrar y soltar",
              "timedOut": null,
              "duration": 550,
              "state": "passed",
              "speed": "fast",
              "pass": true,
              "fail": false,
              "pending": false,
              "context": null,
              "code": "heroKuappDragDrop.navigateToPage();\nheroKuappDragDrop.titleValidation().should('have.text', \"Drag and Drop\");\nheroKuappDragDrop.dragDropElements();",
              "err": {},
              "uuid": "7ee4e14a-83d3-4ae7-bb1d-b97c53c6700c",
              "parentUUID": "b6de7929-be86-42e1-901f-d86f781dd029",
              "isHook": false,
              "skipped": false
            },
            {
              "title": "Validacion de Dropdown",
              "fullTitle": "Practicando Cypress con la pagina de The internet Herokuapp Validacion de Dropdown",
              "timedOut": null,
              "duration": 426,
              "state": "passed",
              "speed": "fast",
              "pass": true,
              "fail": false,
              "pending": false,
              "context": null,
              "code": "heroKuappDropdown.navigateToPage();\nheroKuappDropdown.titleValidation().should('have.text', \"Dropdown List\");\nheroKuappDropdown.dropdownAction();\nheroKuappDropdown.dropdownSelect1();\nheroKuappDropdown.dropdownAction();\nheroKuappDropdown.dropdownSelect2();\nheroKuappDropdown.dropdownValidation().should('have.value', '2');",
              "err": {},
              "uuid": "7abf2748-d51b-4542-892f-5b732807ef50",
              "parentUUID": "b6de7929-be86-42e1-901f-d86f781dd029",
              "isHook": false,
              "skipped": false
            },
            {
              "title": "Validacion de elementos dinamicos",
              "fullTitle": "Practicando Cypress con la pagina de The internet Herokuapp Validacion de elementos dinamicos",
              "timedOut": null,
              "duration": 12809,
              "state": "passed",
              "speed": "slow",
              "pass": true,
              "fail": false,
              "pending": false,
              "context": null,
              "code": "heroKuappDynamicElement.navigateToPage();\nheroKuappDynamicElement.titleValidation().should('have.text', \"Dynamic Controls\");\nheroKuappDynamicElement.checkbox().should('not.be.checked').check();\nheroKuappDynamicElement.addRemoveButton().click();\nheroKuappDynamicElement.messageLabel().should('have.text', \"It's gone!\");\nheroKuappDynamicElement.checkbox().should('not.exist');\nheroKuappDynamicElement.addRemoveButton().click();\nheroKuappDynamicElement.messageLabel().should('have.text', \"It's back!\");\nheroKuappDynamicElement.textBox().should('be.disabled');\nheroKuappDynamicElement.enableDisableButton().click();\nheroKuappDynamicElement.messageLabel().should('have.text', \"It's enabled!\");\nheroKuappDynamicElement.textBox().should('be.enabled');\nheroKuappDynamicElement.enableDisableButton().click();\nheroKuappDynamicElement.messageLabel().should('have.text', \"It's disabled!\");",
              "err": {},
              "uuid": "f90f6202-9fd2-4ed9-84b0-5b10a56fca32",
              "parentUUID": "b6de7929-be86-42e1-901f-d86f781dd029",
              "isHook": false,
              "skipped": false
            },
            {
              "title": "Validacion de barra de carga",
              "fullTitle": "Practicando Cypress con la pagina de The internet Herokuapp Validacion de barra de carga",
              "timedOut": null,
              "duration": 581,
              "state": "passed",
              "speed": "fast",
              "pass": true,
              "fail": false,
              "pending": false,
              "context": null,
              "code": "heroKuappLoading.navigateToPage();\nheroKuappLoading.titleValidation().should('have.text', \"Dynamically Loaded Page Elements\");\nheroKuappLoading.startButton().click();\nheroKuappLoading.messageLabel().should('have.text', \"Hello World!\");",
              "err": {},
              "uuid": "ae6c44f3-dab9-48d4-ab97-9a82530bcc9a",
              "parentUUID": "b6de7929-be86-42e1-901f-d86f781dd029",
              "isHook": false,
              "skipped": false
            },
            {
              "title": "Validacion de manejo de comercial",
              "fullTitle": "Practicando Cypress con la pagina de The internet Herokuapp Validacion de manejo de comercial",
              "timedOut": null,
              "duration": 2957,
              "state": "passed",
              "speed": "fast",
              "pass": true,
              "fail": false,
              "pending": false,
              "context": null,
              "code": "heroKuappEntryAd.navigateToPage();\nheroKuappEntryAd.closeAdButton().click();\nheroKuappEntryAd.waitTo();\nheroKuappEntryAd.titleValidation().should('have.text', \"Entry Ad\");",
              "err": {},
              "uuid": "2601a45c-9fd3-48fe-9a67-67ac83ba29a2",
              "parentUUID": "b6de7929-be86-42e1-901f-d86f781dd029",
              "isHook": false,
              "skipped": false
            },
            {
              "title": "Validacion de descarga de archivo",
              "fullTitle": "Practicando Cypress con la pagina de The internet Herokuapp Validacion de descarga de archivo",
              "timedOut": null,
              "duration": 318,
              "state": "passed",
              "speed": "fast",
              "pass": true,
              "fail": false,
              "pending": false,
              "context": null,
              "code": "heroKuappDownload.navigateToPage();\nheroKuappDownload.titleValidation().should('have.text', \"File Downloader\");\nheroKuappDownload.downloadLink().click();",
              "err": {},
              "uuid": "b75824c9-9174-4afc-baf0-cd87f995ec41",
              "parentUUID": "b6de7929-be86-42e1-901f-d86f781dd029",
              "isHook": false,
              "skipped": false
            },
            {
              "title": "Validacion de cargar un archivo",
              "fullTitle": "Practicando Cypress con la pagina de The internet Herokuapp Validacion de cargar un archivo",
              "timedOut": null,
              "duration": 592,
              "state": "passed",
              "speed": "fast",
              "pass": true,
              "fail": false,
              "pending": false,
              "context": null,
              "code": "heroKuappUpload.navigateToPage();\nheroKuappUpload.titleValidation().should('have.text', \"File Uploader\");\nheroKuappUpload.loadButton().selectFile('C:/Users/diego/OneDrive/Escritorio/test.csv');\nheroKuappUpload.uploadButton().click();\nheroKuappUpload.titleValidation().should('have.text', \"File Uploaded!\");",
              "err": {},
              "uuid": "fb938c59-11e5-4226-84b0-79907ba02b4e",
              "parentUUID": "b6de7929-be86-42e1-901f-d86f781dd029",
              "isHook": false,
              "skipped": false
            },
            {
              "title": "Validacion de menu flotante",
              "fullTitle": "Practicando Cypress con la pagina de The internet Herokuapp Validacion de menu flotante",
              "timedOut": null,
              "duration": 565,
              "state": "passed",
              "speed": "fast",
              "pass": true,
              "fail": false,
              "pending": false,
              "context": null,
              "code": "heroKuappFloating.navigateToPage();\nheroKuappFloating.titleValidation().should('have.text', \"Floating Menu\");\nheroKuappFloating.downPage();\nheroKuappFloating.menuHome().click();\nheroKuappFloating.getUrl().should('include', 'home');\nheroKuappFloating.menuNews().click();\nheroKuappFloating.getUrl().should('include', 'news');\nheroKuappFloating.menuContact().click();\nheroKuappFloating.getUrl().should('include', 'contact');\nheroKuappFloating.menuAbout().click();\nheroKuappFloating.getUrl().should('include', 'about');",
              "err": {},
              "uuid": "d321fb8d-583f-4ffb-b23d-579f92395cb3",
              "parentUUID": "b6de7929-be86-42e1-901f-d86f781dd029",
              "isHook": false,
              "skipped": false
            },
            {
              "title": "Validacion de olvide mi password",
              "fullTitle": "Practicando Cypress con la pagina de The internet Herokuapp Validacion de olvide mi password",
              "timedOut": null,
              "duration": 676,
              "state": "passed",
              "speed": "fast",
              "pass": true,
              "fail": false,
              "pending": false,
              "context": null,
              "code": "heroKuappForgot.navigateToPage();\nheroKuappForgot.titleValidation().should('have.text', \"Forgot Password\");\nheroKuappForgot.textBox();\nheroKuappForgot.retrieveButton().click();\nheroKuappForgot.serverLabel().should('have.text', \"Internal Server Error\");",
              "err": {},
              "uuid": "973a803d-abd1-45a0-9237-ff6646ca58ca",
              "parentUUID": "b6de7929-be86-42e1-901f-d86f781dd029",
              "isHook": false,
              "skipped": false
            },
            {
              "title": "Validacion de Login",
              "fullTitle": "Practicando Cypress con la pagina de The internet Herokuapp Validacion de Login",
              "timedOut": null,
              "duration": 2230,
              "state": "passed",
              "speed": "fast",
              "pass": true,
              "fail": false,
              "pending": false,
              "context": null,
              "code": "heroKuappAuth.navigateToPage();\nheroKuappAuth.titleValidation().should('have.text', \"Login Page\");\nheroKuappAuth.usernameSend();\nheroKuappAuth.passwordSend();\nheroKuappAuth.loginButton().click();\nheroKuappAuth.loginMsg().should('contain', \"You logged into a secure area!\");\nheroKuappAuth.logoutButton().click();\nheroKuappAuth.loginMsg().should('contain', \"You logged out of the secure area!\");\nheroKuappAuth.usernameWrongSend();\nheroKuappAuth.passwordSend();\nheroKuappAuth.loginButton().click();\nheroKuappAuth.loginMsg().should('contain', \"Your username is invalid!\");",
              "err": {},
              "uuid": "e61da5dd-2eb8-4a13-8f12-ac90a35a89ab",
              "parentUUID": "b6de7929-be86-42e1-901f-d86f781dd029",
              "isHook": false,
              "skipped": false
            },
            {
              "title": "Validacion de Frames anidados",
              "fullTitle": "Practicando Cypress con la pagina de The internet Herokuapp Validacion de Frames anidados",
              "timedOut": null,
              "duration": 2331,
              "state": "passed",
              "speed": "fast",
              "pass": true,
              "fail": false,
              "pending": false,
              "context": null,
              "code": "heroKuappFrames.navigateToPage();\nheroKuappFrames.frameAction();",
              "err": {},
              "uuid": "e8e83eac-5f50-4e2c-a177-dd559994624d",
              "parentUUID": "b6de7929-be86-42e1-901f-d86f781dd029",
              "isHook": false,
              "skipped": false
            },
            {
              "title": "Validacion de Geolocalizacion",
              "fullTitle": "Practicando Cypress con la pagina de The internet Herokuapp Validacion de Geolocalizacion",
              "timedOut": null,
              "duration": 3206,
              "state": "passed",
              "speed": "fast",
              "pass": true,
              "fail": false,
              "pending": false,
              "context": null,
              "code": "heroKuappGeo.navigateToPage();\nheroKuappGeo.titleValidation().should('have.text', \"Geolocation\");\nheroKuappGeo.whereButton().click();\nheroKuappGeo.waitTo();\nheroKuappGeo.latitudeValue().should('contain', \"19\");\nheroKuappGeo.longitudeValue().should('contain', \"-99\");",
              "err": {},
              "uuid": "ce8dc825-3780-406c-937e-5b68f85ba94f",
              "parentUUID": "b6de7929-be86-42e1-901f-d86f781dd029",
              "isHook": false,
              "skipped": false
            },
            {
              "title": "Validacion de Slider",
              "fullTitle": "Practicando Cypress con la pagina de The internet Herokuapp Validacion de Slider",
              "timedOut": null,
              "duration": 398,
              "state": "passed",
              "speed": "fast",
              "pass": true,
              "fail": false,
              "pending": false,
              "context": null,
              "code": "heroKuappSlider.navigateToPage();\nheroKuappSlider.titleValidation().should('have.text', \"Horizontal Slider\");\nheroKuappSlider.sliderValue().should('have.text', \"0\");\nheroKuappSlider.sliderAction().invoke('val', 0.5).trigger('change');\nheroKuappSlider.sliderValue().should('have.text', \"0.5\");\nheroKuappSlider.sliderAction().invoke('val', 1).trigger('change');\nheroKuappSlider.sliderValue().should('have.text', \"1\");\nheroKuappSlider.sliderAction().invoke('val', 1.5).trigger('change');\nheroKuappSlider.sliderValue().should('have.text', \"1.5\");\nheroKuappSlider.sliderAction().invoke('val', 2).trigger('change');\nheroKuappSlider.sliderValue().should('have.text', \"2\");\nheroKuappSlider.sliderAction().invoke('val', 2.5).trigger('change');\nheroKuappSlider.sliderValue().should('have.text', \"2.5\");\nheroKuappSlider.sliderAction().invoke('val', 3).trigger('change');\nheroKuappSlider.sliderValue().should('have.text', \"3\");\nheroKuappSlider.sliderAction().invoke('val', 3.5).trigger('change');\nheroKuappSlider.sliderValue().should('have.text', \"3.5\");\nheroKuappSlider.sliderAction().invoke('val', 4).trigger('change');\nheroKuappSlider.sliderValue().should('have.text', \"4\");\nheroKuappSlider.sliderAction().invoke('val', 4.5).trigger('change');\nheroKuappSlider.sliderValue().should('have.text', \"4.5\");\nheroKuappSlider.sliderAction().invoke('val', 5).trigger('change');\nheroKuappSlider.sliderValue().should('have.text', \"5\");",
              "err": {},
              "uuid": "b73142f9-c9ad-4bd7-ab01-d5752cd436a3",
              "parentUUID": "b6de7929-be86-42e1-901f-d86f781dd029",
              "isHook": false,
              "skipped": false
            },
            {
              "title": "Validacion de over elements",
              "fullTitle": "Practicando Cypress con la pagina de The internet Herokuapp Validacion de over elements",
              "timedOut": null,
              "duration": 244,
              "state": "passed",
              "speed": "fast",
              "pass": true,
              "fail": false,
              "pending": false,
              "context": null,
              "code": "heroKuappHover.navigateToPage();\nheroKuappHover.titleValidation().should('have.text', \"Hovers\");\nheroKuappHover.hiddenProfile1().should('not.be.visible').should('have.text', 'name: user1');\nheroKuappHover.hiddenProfile2().should('not.be.visible').should('have.text', 'name: user2');\nheroKuappHover.hiddenProfile3().should('not.be.visible').should('have.text', 'name: user3');",
              "err": {},
              "uuid": "829ec19b-976c-4d87-bcb3-2151b05ebe40",
              "parentUUID": "b6de7929-be86-42e1-901f-d86f781dd029",
              "isHook": false,
              "skipped": false
            },
            {
              "title": "Validacion de Inputs",
              "fullTitle": "Practicando Cypress con la pagina de The internet Herokuapp Validacion de Inputs",
              "timedOut": null,
              "duration": 3346,
              "state": "passed",
              "speed": "fast",
              "pass": true,
              "fail": false,
              "pending": false,
              "context": null,
              "code": "heroKuappInputs.navigateToPage();\nheroKuappInputs.titleValidation().should('have.text', \"Inputs\");\nheroKuappInputs.inputTexbox().should('be.visible');\nconst times = 30;\nfor (let i = 0; i < times; i++) {\n  heroKuappInputs.inputTexbox().type('{uparrow}');\n}\nfor (let i = 15; i < times; i++) {\n  heroKuappInputs.inputTexbox().type('{downarrow}');\n}",
              "err": {},
              "uuid": "49f75fe7-5cd7-4774-9533-7073b8b5e7e3",
              "parentUUID": "b6de7929-be86-42e1-901f-d86f781dd029",
              "isHook": false,
              "skipped": false
            },
            {
              "title": "Validacion de menu en Jquery",
              "fullTitle": "Practicando Cypress con la pagina de The internet Herokuapp Validacion de menu en Jquery",
              "timedOut": null,
              "duration": 867,
              "state": "passed",
              "speed": "fast",
              "pass": true,
              "fail": false,
              "pending": false,
              "context": null,
              "code": "heroKuappJmenu.navigateToPage();\nheroKuappJmenu.titleValidation().should('have.text', \"JQueryUI - Menu\");\nheroKuappJmenu.enableMenu().click();\nheroKuappJmenu.downloadMenu().click();\nheroKuappJmenu.excelMenu().should('be.visible').click();",
              "err": {},
              "uuid": "a8fe7108-f782-462f-bbcb-6e91561bfd5c",
              "parentUUID": "b6de7929-be86-42e1-901f-d86f781dd029",
              "isHook": false,
              "skipped": false
            },
            {
              "title": "Validacion de Alerta simple",
              "fullTitle": "Practicando Cypress con la pagina de The internet Herokuapp Validacion de Alerta simple",
              "timedOut": null,
              "duration": 231,
              "state": "passed",
              "speed": "fast",
              "pass": true,
              "fail": false,
              "pending": false,
              "context": null,
              "code": "heroKuappAlert.navigateToPage();\nheroKuappAlert.titleValidation().should('have.text', \"JavaScript Alerts\");\nheroKuappAlert.alert1().click();\nheroKuappAlert.textOnAlert1();\nheroKuappAlert.alertResult().should('have.text', 'You successfully clicked an alert');",
              "err": {},
              "uuid": "278b01db-f28a-45d0-b858-156db595af62",
              "parentUUID": "b6de7929-be86-42e1-901f-d86f781dd029",
              "isHook": false,
              "skipped": false
            },
            {
              "title": "Validacion de Alerta aceptada",
              "fullTitle": "Practicando Cypress con la pagina de The internet Herokuapp Validacion de Alerta aceptada",
              "timedOut": null,
              "duration": 234,
              "state": "passed",
              "speed": "fast",
              "pass": true,
              "fail": false,
              "pending": false,
              "context": null,
              "code": "heroKuappAlert.navigateToPage();\nheroKuappAlert.titleValidation().should('have.text', \"JavaScript Alerts\");\nheroKuappAlert.alert2().click();\nheroKuappAlert.textOnAlert2confirm();\nheroKuappAlert.alertResult().should('have.text', 'You clicked: Ok');",
              "err": {},
              "uuid": "39bc4e44-083b-4168-b6e1-7c1aca1d99bf",
              "parentUUID": "b6de7929-be86-42e1-901f-d86f781dd029",
              "isHook": false,
              "skipped": false
            },
            {
              "title": "Validacion de Alerta cancelada",
              "fullTitle": "Practicando Cypress con la pagina de The internet Herokuapp Validacion de Alerta cancelada",
              "timedOut": null,
              "duration": 217,
              "state": "passed",
              "speed": "fast",
              "pass": true,
              "fail": false,
              "pending": false,
              "context": null,
              "code": "heroKuappAlert.navigateToPage();\nheroKuappAlert.titleValidation().should('have.text', \"JavaScript Alerts\");\nheroKuappAlert.alert2().click();\nheroKuappAlert.textOnAlert2dismiss();\nheroKuappAlert.alertResult().should('have.text', 'You clicked: Cancel');",
              "err": {},
              "uuid": "0139a588-8e83-438f-9dd9-48ffdba9c616",
              "parentUUID": "b6de7929-be86-42e1-901f-d86f781dd029",
              "isHook": false,
              "skipped": false
            },
            {
              "title": "Validacion de Alerta prompt",
              "fullTitle": "Practicando Cypress con la pagina de The internet Herokuapp Validacion de Alerta prompt",
              "timedOut": null,
              "duration": 236,
              "state": "passed",
              "speed": "fast",
              "pass": true,
              "fail": false,
              "pending": false,
              "context": null,
              "code": "heroKuappAlert.navigateToPage();\nheroKuappAlert.titleValidation().should('have.text', \"JavaScript Alerts\");\nheroKuappAlert.textOnAlert3Prompt();\nheroKuappAlert.alert3().click();\nheroKuappAlert.alertResult().should('have.text', 'You entered: Test01');",
              "err": {},
              "uuid": "c0aca56d-b892-4592-b797-7173cef2e042",
              "parentUUID": "b6de7929-be86-42e1-901f-d86f781dd029",
              "isHook": false,
              "skipped": false
            },
            {
              "title": "Validacion de deteccion de tecla",
              "fullTitle": "Practicando Cypress con la pagina de The internet Herokuapp Validacion de deteccion de tecla",
              "timedOut": null,
              "duration": 660,
              "state": "passed",
              "speed": "fast",
              "pass": true,
              "fail": false,
              "pending": false,
              "context": null,
              "code": "heroKuappKey.navigateToPage();\nheroKuappKey.titleValidation().should('have.text', \"Key Presses\");\nheroKuappKey.enterKey().type(\"{uparrow}\");\nheroKuappKey.resultLabel().should('have.text', \"You entered: UP\");\nheroKuappKey.enterKey().type(\"{downarrow}\");\nheroKuappKey.resultLabel().should('have.text', \"You entered: DOWN\");\nheroKuappKey.enterKey().type(\"{rightarrow}\");\nheroKuappKey.resultLabel().should('have.text', \"You entered: RIGHT\");\nheroKuappKey.enterKey().type(\"{leftarrow}\");\nheroKuappKey.resultLabel().should('have.text', \"You entered: LEFT\");\nheroKuappKey.enterKey().type(\"{esc}\");\nheroKuappKey.resultLabel().should('have.text', \"You entered: ESCAPE\");\nheroKuappKey.enterKey().type(\"{backspace}\");\nheroKuappKey.resultLabel().should('have.text', \"You entered: BACK_SPACE\");",
              "err": {},
              "uuid": "696298fe-aa69-4020-8b58-00d66e82e3d0",
              "parentUUID": "b6de7929-be86-42e1-901f-d86f781dd029",
              "isHook": false,
              "skipped": false
            },
            {
              "title": "Validacion de multiples pestañas",
              "fullTitle": "Practicando Cypress con la pagina de The internet Herokuapp Validacion de multiples pestañas",
              "timedOut": null,
              "duration": 299,
              "state": "passed",
              "speed": "fast",
              "pass": true,
              "fail": false,
              "pending": false,
              "context": null,
              "code": "heroKuappMulti.navigateToPage();\nheroKuappMulti.titleValidation().should('have.text', \"Opening a new window\");\nheroKuappMulti.newTabLink().invoke(\"removeAttr\", \"target\").click();\nheroKuappMulti.titleValidation().should('have.text', \"New Window\");",
              "err": {},
              "uuid": "e073c2d8-8ff1-441e-b7b9-b292855e0e1f",
              "parentUUID": "b6de7929-be86-42e1-901f-d86f781dd029",
              "isHook": false,
              "skipped": false
            },
            {
              "title": "Validacion de notificacion",
              "fullTitle": "Practicando Cypress con la pagina de The internet Herokuapp Validacion de notificacion",
              "timedOut": null,
              "duration": 683,
              "state": "passed",
              "speed": "fast",
              "pass": true,
              "fail": false,
              "pending": false,
              "context": null,
              "code": "heroKuappNoti.navigateToPage();\nheroKuappNoti.titleValidation().should('have.text', \"Notification Message\");\nheroKuappNoti.launchNoti().click();\nheroKuappNoti.notificationMsg().invoke('text').then(text => {\n  if (text.includes('success')) {\n    heroKuappNoti.notificationMsg().should('contain', \"Action successful\");\n  } else if (text.includes('unsuccess')) {\n    heroKuappNoti.notificationMsg().should('contain', \"Action unsuccessful\");\n  }\n});",
              "err": {},
              "uuid": "a3a188a3-4e75-42b3-9d14-8c26452f8755",
              "parentUUID": "b6de7929-be86-42e1-901f-d86f781dd029",
              "isHook": false,
              "skipped": false
            },
            {
              "title": "Validacion de shadow DOM",
              "fullTitle": "Practicando Cypress con la pagina de The internet Herokuapp Validacion de shadow DOM",
              "timedOut": null,
              "duration": 158,
              "state": "passed",
              "speed": "fast",
              "pass": true,
              "fail": false,
              "pending": false,
              "context": null,
              "code": "heroKuappShadow.navigateToPage();\nheroKuappShadow.titleValidation().should('have.text', \"Simple template\");\nheroKuappShadow.validationLabel1().should('have.text', \"Let's have some different text!\");\nheroKuappShadow.validationLabel2().should('have.text', \"Let's have some different text!\");\nheroKuappShadow.validationLabel3().should('have.text', \"In a list!\");",
              "err": {},
              "uuid": "3f27b520-0fa4-4f0a-b629-22f3bbfa39ee",
              "parentUUID": "b6de7929-be86-42e1-901f-d86f781dd029",
              "isHook": false,
              "skipped": false
            },
            {
              "title": "Validacion de tabla de datos",
              "fullTitle": "Practicando Cypress con la pagina de The internet Herokuapp Validacion de tabla de datos",
              "timedOut": null,
              "duration": 494,
              "state": "passed",
              "speed": "fast",
              "pass": true,
              "fail": false,
              "pending": false,
              "context": null,
              "code": "heroKuappTables.navigateToPage();\nheroKuappTables.titleValidation().should('have.text', \"Data Tables\");\nheroKuappTables.sortLastnames().click();\nheroKuappTables.firstNameValidation().should('have.text', 'Bach');\nheroKuappTables.sortDue().click().click();\nheroKuappTables.dueValidation().should('have.text', '$100.00');",
              "err": {},
              "uuid": "7854884f-da53-4147-9b22-a232ac385d5a",
              "parentUUID": "b6de7929-be86-42e1-901f-d86f781dd029",
              "isHook": false,
              "skipped": false
            }
          ],
          "suites": [],
          "passes": [
            "bed1baa1-9bf3-42b7-bb07-0a085d193adf",
            "5caca23c-09c0-4501-934d-6e68fc1a037d",
            "6f2e2841-b7a3-4501-9b7f-220a65c30383",
            "d99b3b7b-977b-43f0-9f8d-504be2543048",
            "351bfb40-b0a2-4878-8ffb-40c96f8c068a",
            "7ee4e14a-83d3-4ae7-bb1d-b97c53c6700c",
            "7abf2748-d51b-4542-892f-5b732807ef50",
            "f90f6202-9fd2-4ed9-84b0-5b10a56fca32",
            "ae6c44f3-dab9-48d4-ab97-9a82530bcc9a",
            "2601a45c-9fd3-48fe-9a67-67ac83ba29a2",
            "b75824c9-9174-4afc-baf0-cd87f995ec41",
            "fb938c59-11e5-4226-84b0-79907ba02b4e",
            "d321fb8d-583f-4ffb-b23d-579f92395cb3",
            "973a803d-abd1-45a0-9237-ff6646ca58ca",
            "e61da5dd-2eb8-4a13-8f12-ac90a35a89ab",
            "e8e83eac-5f50-4e2c-a177-dd559994624d",
            "ce8dc825-3780-406c-937e-5b68f85ba94f",
            "b73142f9-c9ad-4bd7-ab01-d5752cd436a3",
            "829ec19b-976c-4d87-bcb3-2151b05ebe40",
            "49f75fe7-5cd7-4774-9533-7073b8b5e7e3",
            "a8fe7108-f782-462f-bbcb-6e91561bfd5c",
            "278b01db-f28a-45d0-b858-156db595af62",
            "39bc4e44-083b-4168-b6e1-7c1aca1d99bf",
            "0139a588-8e83-438f-9dd9-48ffdba9c616",
            "c0aca56d-b892-4592-b797-7173cef2e042",
            "696298fe-aa69-4020-8b58-00d66e82e3d0",
            "e073c2d8-8ff1-441e-b7b9-b292855e0e1f",
            "a3a188a3-4e75-42b3-9d14-8c26452f8755",
            "3f27b520-0fa4-4f0a-b629-22f3bbfa39ee",
            "7854884f-da53-4147-9b22-a232ac385d5a"
          ],
          "failures": [],
          "pending": [],
          "skipped": [],
          "duration": 37905,
          "root": false,
          "rootEmpty": false,
          "_timeout": 2000
        }
      ],
      "passes": [],
      "failures": [],
      "pending": [],
      "skipped": [],
      "duration": 0,
      "root": true,
      "rootEmpty": true,
      "_timeout": 2000
    }
  ],
  "meta": {
    "mocha": {
      "version": "7.2.0"
    },
    "mochawesome": {
      "options": {
        "quiet": false,
        "reportFilename": "mochawesome",
        "saveHtml": true,
        "saveJson": true,
        "consoleReporter": "spec",
        "useInlineDiffs": false,
        "code": true
      },
      "version": "7.1.3"
    },
    "marge": {
      "options": {
        "charts": true,
        "overwrite": false,
        "embeddedScreenshots": true
      },
      "version": "6.2.0"
    }
  }
}